Files already downloaded and verified
Files already downloaded and verified
train_dataset =  40000
valid_dataset =  10000
test_dataset =  10000
Default(NoDropOut) training start ...
Epoch [1/50], Loss: 0.0338, val_loss: 0.0297, val_acc: 0.3104
Epoch [2/50], Loss: 0.0272, val_loss: 0.0246, val_acc: 0.4175
Epoch [3/50], Loss: 0.0227, val_loss: 0.0218, val_acc: 0.5033
Epoch [4/50], Loss: 0.0196, val_loss: 0.0189, val_acc: 0.5751
Epoch [5/50], Loss: 0.0177, val_loss: 0.0179, val_acc: 0.5901
Epoch [6/50], Loss: 0.0161, val_loss: 0.0164, val_acc: 0.6316
Epoch [7/50], Loss: 0.0144, val_loss: 0.0152, val_acc: 0.6568
Epoch [8/50], Loss: 0.0130, val_loss: 0.0143, val_acc: 0.6824
Epoch [9/50], Loss: 0.0117, val_loss: 0.0138, val_acc: 0.6946
Epoch [10/50], Loss: 0.0106, val_loss: 0.0125, val_acc: 0.7243
Epoch [11/50], Loss: 0.0092, val_loss: 0.0122, val_acc: 0.7331
Epoch [12/50], Loss: 0.0081, val_loss: 0.0125, val_acc: 0.7353
Epoch [13/50], Loss: 0.0069, val_loss: 0.0125, val_acc: 0.7418
Epoch [14/50], Loss: 0.0058, val_loss: 0.0138, val_acc: 0.7408
Epoch [15/50], Loss: 0.0049, val_loss: 0.0137, val_acc: 0.7325
Epoch [16/50], Loss: 0.0038, val_loss: 0.0150, val_acc: 0.7339
Epoch [17/50], Loss: 0.0032, val_loss: 0.0156, val_acc: 0.7304
Epoch [18/50], Loss: 0.0028, val_loss: 0.0169, val_acc: 0.7180
Epoch [19/50], Loss: 0.0022, val_loss: 0.0175, val_acc: 0.7358
Epoch [20/50], Loss: 0.0019, val_loss: 0.0175, val_acc: 0.7498
Epoch [21/50], Loss: 0.0017, val_loss: 0.0186, val_acc: 0.7449
Epoch [22/50], Loss: 0.0015, val_loss: 0.0179, val_acc: 0.7413
Epoch [23/50], Loss: 0.0012, val_loss: 0.0200, val_acc: 0.7394
Epoch [24/50], Loss: 0.0012, val_loss: 0.0186, val_acc: 0.7346
Epoch [25/50], Loss: 0.0012, val_loss: 0.0203, val_acc: 0.7366
Epoch [26/50], Loss: 0.0010, val_loss: 0.0196, val_acc: 0.7369
Epoch [27/50], Loss: 0.0008, val_loss: 0.0208, val_acc: 0.7314
Epoch [28/50], Loss: 0.0008, val_loss: 0.0190, val_acc: 0.7446
Epoch [29/50], Loss: 0.0008, val_loss: 0.0202, val_acc: 0.7327
Epoch [30/50], Loss: 0.0007, val_loss: 0.0213, val_acc: 0.7468
Epoch [31/50], Loss: 0.0006, val_loss: 0.0202, val_acc: 0.7399
Epoch [32/50], Loss: 0.0006, val_loss: 0.0200, val_acc: 0.7465
Epoch [33/50], Loss: 0.0005, val_loss: 0.0205, val_acc: 0.7459
Epoch [34/50], Loss: 0.0006, val_loss: 0.0225, val_acc: 0.7372
Epoch [35/50], Loss: 0.0006, val_loss: 0.0210, val_acc: 0.7401
Epoch [36/50], Loss: 0.0007, val_loss: 0.0222, val_acc: 0.7345
Epoch [37/50], Loss: 0.0007, val_loss: 0.0195, val_acc: 0.7445
Epoch [38/50], Loss: 0.0006, val_loss: 0.0197, val_acc: 0.7411
Epoch [39/50], Loss: 0.0007, val_loss: 0.0192, val_acc: 0.7397
Epoch [40/50], Loss: 0.0006, val_loss: 0.0196, val_acc: 0.7373
Epoch [41/50], Loss: 0.0005, val_loss: 0.0211, val_acc: 0.7385
Epoch [42/50], Loss: 0.0006, val_loss: 0.0203, val_acc: 0.7469
Epoch [43/50], Loss: 0.0005, val_loss: 0.0202, val_acc: 0.7333
Epoch [44/50], Loss: 0.0006, val_loss: 0.0205, val_acc: 0.7327
Epoch [45/50], Loss: 0.0006, val_loss: 0.0197, val_acc: 0.7542
Epoch [46/50], Loss: 0.0005, val_loss: 0.0202, val_acc: 0.7485
Epoch [47/50], Loss: 0.0005, val_loss: 0.0212, val_acc: 0.7410
Epoch [48/50], Loss: 0.0005, val_loss: 0.0185, val_acc: 0.7344
Epoch [49/50], Loss: 0.0005, val_loss: 0.0195, val_acc: 0.7383
Epoch [50/50], Loss: 0.0006, val_loss: 0.0203, val_acc: 0.7362
test_accuracy: 73.7 %
learning time: 336.992 [sec]
1DropOut training start ...
Epoch [1/50], Loss: 0.0350, val_loss: 0.0319, val_acc: 0.2330
Epoch [2/50], Loss: 0.0298, val_loss: 0.0283, val_acc: 0.3374
Epoch [3/50], Loss: 0.0269, val_loss: 0.0247, val_acc: 0.4281
Epoch [4/50], Loss: 0.0248, val_loss: 0.0235, val_acc: 0.4466
Epoch [5/50], Loss: 0.0231, val_loss: 0.0218, val_acc: 0.4978
Epoch [6/50], Loss: 0.0217, val_loss: 0.0203, val_acc: 0.5298
Epoch [7/50], Loss: 0.0204, val_loss: 0.0196, val_acc: 0.5527
Epoch [8/50], Loss: 0.0192, val_loss: 0.0187, val_acc: 0.5807
Epoch [9/50], Loss: 0.0179, val_loss: 0.0175, val_acc: 0.6068
Epoch [10/50], Loss: 0.0168, val_loss: 0.0177, val_acc: 0.5992
Epoch [11/50], Loss: 0.0156, val_loss: 0.0170, val_acc: 0.6226
Epoch [12/50], Loss: 0.0143, val_loss: 0.0162, val_acc: 0.6427
Epoch [13/50], Loss: 0.0131, val_loss: 0.0167, val_acc: 0.6271
Epoch [14/50], Loss: 0.0119, val_loss: 0.0160, val_acc: 0.6551
Epoch [15/50], Loss: 0.0104, val_loss: 0.0164, val_acc: 0.6477
Epoch [16/50], Loss: 0.0090, val_loss: 0.0171, val_acc: 0.6497
Epoch [17/50], Loss: 0.0076, val_loss: 0.0181, val_acc: 0.6450
Epoch [18/50], Loss: 0.0064, val_loss: 0.0201, val_acc: 0.6505
Epoch [19/50], Loss: 0.0054, val_loss: 0.0201, val_acc: 0.6418
Epoch [20/50], Loss: 0.0046, val_loss: 0.0229, val_acc: 0.6289
Epoch [21/50], Loss: 0.0037, val_loss: 0.0231, val_acc: 0.6394
Epoch [22/50], Loss: 0.0034, val_loss: 0.0238, val_acc: 0.6343
Epoch [23/50], Loss: 0.0026, val_loss: 0.0261, val_acc: 0.6341
Epoch [24/50], Loss: 0.0023, val_loss: 0.0277, val_acc: 0.6342
Epoch [25/50], Loss: 0.0023, val_loss: 0.0256, val_acc: 0.6407
Epoch [26/50], Loss: 0.0020, val_loss: 0.0268, val_acc: 0.6310
Epoch [27/50], Loss: 0.0019, val_loss: 0.0260, val_acc: 0.6364
Epoch [28/50], Loss: 0.0016, val_loss: 0.0281, val_acc: 0.6328
Epoch [29/50], Loss: 0.0015, val_loss: 0.0262, val_acc: 0.6413
Epoch [30/50], Loss: 0.0014, val_loss: 0.0308, val_acc: 0.6270
Epoch [31/50], Loss: 0.0014, val_loss: 0.0274, val_acc: 0.6359
Epoch [32/50], Loss: 0.0012, val_loss: 0.0298, val_acc: 0.6342
Epoch [33/50], Loss: 0.0013, val_loss: 0.0301, val_acc: 0.6356
Epoch [34/50], Loss: 0.0011, val_loss: 0.0274, val_acc: 0.6281
Epoch [35/50], Loss: 0.0009, val_loss: 0.0309, val_acc: 0.6335
Epoch [36/50], Loss: 0.0011, val_loss: 0.0263, val_acc: 0.6329
Epoch [37/50], Loss: 0.0010, val_loss: 0.0304, val_acc: 0.6414
Epoch [38/50], Loss: 0.0009, val_loss: 0.0303, val_acc: 0.6275
Epoch [39/50], Loss: 0.0010, val_loss: 0.0282, val_acc: 0.6384
Epoch [40/50], Loss: 0.0009, val_loss: 0.0285, val_acc: 0.6385
Epoch [41/50], Loss: 0.0008, val_loss: 0.0295, val_acc: 0.6388
Epoch [42/50], Loss: 0.0009, val_loss: 0.0305, val_acc: 0.6279
Epoch [43/50], Loss: 0.0008, val_loss: 0.0305, val_acc: 0.6201
Epoch [44/50], Loss: 0.0009, val_loss: 0.0291, val_acc: 0.6340
Epoch [45/50], Loss: 0.0009, val_loss: 0.0288, val_acc: 0.6327
Epoch [46/50], Loss: 0.0009, val_loss: 0.0282, val_acc: 0.6330
Epoch [47/50], Loss: 0.0009, val_loss: 0.0278, val_acc: 0.6368
Epoch [48/50], Loss: 0.0009, val_loss: 0.0283, val_acc: 0.6401
Epoch [49/50], Loss: 0.0008, val_loss: 0.0279, val_acc: 0.6324
Epoch [50/50], Loss: 0.0009, val_loss: 0.0288, val_acc: 0.6297
test_accuracy: 62.07 %
learning time: 343.460 [sec]
2DropOuts training start ...
Epoch [1/50], Loss: 0.0358, val_loss: 0.0331, val_acc: 0.2180
Epoch [2/50], Loss: 0.0312, val_loss: 0.0287, val_acc: 0.3258
Epoch [3/50], Loss: 0.0284, val_loss: 0.0270, val_acc: 0.3683
Epoch [4/50], Loss: 0.0267, val_loss: 0.0254, val_acc: 0.4140
Epoch [5/50], Loss: 0.0254, val_loss: 0.0238, val_acc: 0.4485
Epoch [6/50], Loss: 0.0243, val_loss: 0.0222, val_acc: 0.4852
Epoch [7/50], Loss: 0.0229, val_loss: 0.0220, val_acc: 0.4991
Epoch [8/50], Loss: 0.0218, val_loss: 0.0205, val_acc: 0.5332
Epoch [9/50], Loss: 0.0208, val_loss: 0.0199, val_acc: 0.5494
Epoch [10/50], Loss: 0.0199, val_loss: 0.0186, val_acc: 0.5811
Epoch [11/50], Loss: 0.0190, val_loss: 0.0178, val_acc: 0.5950
Epoch [12/50], Loss: 0.0181, val_loss: 0.0179, val_acc: 0.5973
Epoch [13/50], Loss: 0.0173, val_loss: 0.0177, val_acc: 0.6055
Epoch [14/50], Loss: 0.0164, val_loss: 0.0171, val_acc: 0.6194
Epoch [15/50], Loss: 0.0156, val_loss: 0.0170, val_acc: 0.6208
Epoch [16/50], Loss: 0.0147, val_loss: 0.0167, val_acc: 0.6369
Epoch [17/50], Loss: 0.0139, val_loss: 0.0164, val_acc: 0.6367
Epoch [18/50], Loss: 0.0130, val_loss: 0.0170, val_acc: 0.6223
Epoch [19/50], Loss: 0.0120, val_loss: 0.0165, val_acc: 0.6464
Epoch [20/50], Loss: 0.0111, val_loss: 0.0176, val_acc: 0.6290
Epoch [21/50], Loss: 0.0102, val_loss: 0.0177, val_acc: 0.6322
Epoch [22/50], Loss: 0.0092, val_loss: 0.0189, val_acc: 0.6305
Epoch [23/50], Loss: 0.0083, val_loss: 0.0193, val_acc: 0.6232
Epoch [24/50], Loss: 0.0075, val_loss: 0.0199, val_acc: 0.6195
Epoch [25/50], Loss: 0.0067, val_loss: 0.0214, val_acc: 0.6140
Epoch [26/50], Loss: 0.0060, val_loss: 0.0212, val_acc: 0.6144
Epoch [27/50], Loss: 0.0053, val_loss: 0.0222, val_acc: 0.6167
Epoch [28/50], Loss: 0.0049, val_loss: 0.0216, val_acc: 0.6210
Epoch [29/50], Loss: 0.0044, val_loss: 0.0224, val_acc: 0.6149
Epoch [30/50], Loss: 0.0037, val_loss: 0.0255, val_acc: 0.6056
Epoch [31/50], Loss: 0.0037, val_loss: 0.0242, val_acc: 0.6146
Epoch [32/50], Loss: 0.0033, val_loss: 0.0255, val_acc: 0.6036
Epoch [33/50], Loss: 0.0029, val_loss: 0.0259, val_acc: 0.6148
Epoch [34/50], Loss: 0.0028, val_loss: 0.0257, val_acc: 0.6123
Epoch [35/50], Loss: 0.0026, val_loss: 0.0278, val_acc: 0.5959
Epoch [36/50], Loss: 0.0025, val_loss: 0.0267, val_acc: 0.6129
Epoch [37/50], Loss: 0.0023, val_loss: 0.0275, val_acc: 0.6100
Epoch [38/50], Loss: 0.0023, val_loss: 0.0269, val_acc: 0.6070
Epoch [39/50], Loss: 0.0021, val_loss: 0.0263, val_acc: 0.6096
Epoch [40/50], Loss: 0.0020, val_loss: 0.0279, val_acc: 0.6141
Epoch [41/50], Loss: 0.0020, val_loss: 0.0273, val_acc: 0.6074
Epoch [42/50], Loss: 0.0018, val_loss: 0.0289, val_acc: 0.5984
Epoch [43/50], Loss: 0.0018, val_loss: 0.0307, val_acc: 0.6012
Epoch [44/50], Loss: 0.0017, val_loss: 0.0301, val_acc: 0.6042
Epoch [45/50], Loss: 0.0016, val_loss: 0.0281, val_acc: 0.6090
Epoch [46/50], Loss: 0.0015, val_loss: 0.0287, val_acc: 0.6131
Epoch [47/50], Loss: 0.0016, val_loss: 0.0293, val_acc: 0.6011
Epoch [48/50], Loss: 0.0015, val_loss: 0.0276, val_acc: 0.6018
Epoch [49/50], Loss: 0.0015, val_loss: 0.0305, val_acc: 0.5869
Epoch [50/50], Loss: 0.0015, val_loss: 0.0284, val_acc: 0.6137
test_accuracy: 59.99 %
learning time: 344.968 [sec]

--------------------------------------------------------------

Batch Norms: Default(NoDropOut)  |  test_accuracy: 73.7 %  |  learning time: 336.992 [sec]
Batch Norms: 1DropOut  |  test_accuracy: 62.07 %  |  learning time: 343.460 [sec]
Batch Norms: 2DropOuts  |  test_accuracy: 59.99 %  |  learning time: 344.968 [sec]
