Files already downloaded and verified
Files already downloaded and verified
train_dataset =  40000
valid_dataset =  10000
test_dataset =  10000
MyManyMLP training start ...
Epoch [1/50], Loss: 0.0292, val_loss: 0.0257, val_acc: 0.4180
Epoch [2/50], Loss: 0.0251, val_loss: 0.0238, val_acc: 0.4615
Epoch [3/50], Loss: 0.0232, val_loss: 0.0233, val_acc: 0.4802
Epoch [4/50], Loss: 0.0218, val_loss: 0.0227, val_acc: 0.4892
Epoch [5/50], Loss: 0.0207, val_loss: 0.0219, val_acc: 0.5081
Epoch [6/50], Loss: 0.0197, val_loss: 0.0213, val_acc: 0.5208
Epoch [7/50], Loss: 0.0189, val_loss: 0.0216, val_acc: 0.5255
Epoch [8/50], Loss: 0.0181, val_loss: 0.0211, val_acc: 0.5330
Epoch [9/50], Loss: 0.0173, val_loss: 0.0213, val_acc: 0.5392
Epoch [10/50], Loss: 0.0166, val_loss: 0.0211, val_acc: 0.5381
Epoch [11/50], Loss: 0.0159, val_loss: 0.0208, val_acc: 0.5510
Epoch [12/50], Loss: 0.0153, val_loss: 0.0216, val_acc: 0.5417
Epoch [13/50], Loss: 0.0148, val_loss: 0.0211, val_acc: 0.5533
Epoch [14/50], Loss: 0.0143, val_loss: 0.0218, val_acc: 0.5428
Epoch [15/50], Loss: 0.0137, val_loss: 0.0215, val_acc: 0.5495
Epoch [16/50], Loss: 0.0132, val_loss: 0.0217, val_acc: 0.5527
Epoch [17/50], Loss: 0.0127, val_loss: 0.0218, val_acc: 0.5489
Epoch [18/50], Loss: 0.0122, val_loss: 0.0221, val_acc: 0.5530
Epoch [19/50], Loss: 0.0118, val_loss: 0.0223, val_acc: 0.5468
Epoch [20/50], Loss: 0.0114, val_loss: 0.0220, val_acc: 0.5557
Epoch [21/50], Loss: 0.0109, val_loss: 0.0223, val_acc: 0.5580
Epoch [22/50], Loss: 0.0105, val_loss: 0.0227, val_acc: 0.5559
Epoch [23/50], Loss: 0.0102, val_loss: 0.0230, val_acc: 0.5519
Epoch [24/50], Loss: 0.0098, val_loss: 0.0238, val_acc: 0.5507
Epoch [25/50], Loss: 0.0096, val_loss: 0.0240, val_acc: 0.5493
Epoch [26/50], Loss: 0.0093, val_loss: 0.0233, val_acc: 0.5508
Epoch [27/50], Loss: 0.0090, val_loss: 0.0237, val_acc: 0.5542
Epoch [28/50], Loss: 0.0087, val_loss: 0.0239, val_acc: 0.5576
Epoch [29/50], Loss: 0.0085, val_loss: 0.0240, val_acc: 0.5559
Epoch [30/50], Loss: 0.0083, val_loss: 0.0245, val_acc: 0.5472
Epoch [31/50], Loss: 0.0080, val_loss: 0.0250, val_acc: 0.5549
Epoch [32/50], Loss: 0.0080, val_loss: 0.0246, val_acc: 0.5494
Epoch [33/50], Loss: 0.0078, val_loss: 0.0252, val_acc: 0.5488
Epoch [34/50], Loss: 0.0077, val_loss: 0.0252, val_acc: 0.5492
Epoch [35/50], Loss: 0.0075, val_loss: 0.0251, val_acc: 0.5470
Epoch [36/50], Loss: 0.0073, val_loss: 0.0253, val_acc: 0.5493
Epoch [37/50], Loss: 0.0072, val_loss: 0.0257, val_acc: 0.5510
Epoch [38/50], Loss: 0.0071, val_loss: 0.0257, val_acc: 0.5510
Epoch [39/50], Loss: 0.0070, val_loss: 0.0258, val_acc: 0.5565
Epoch [40/50], Loss: 0.0069, val_loss: 0.0260, val_acc: 0.5592
Epoch [41/50], Loss: 0.0069, val_loss: 0.0261, val_acc: 0.5491
Epoch [42/50], Loss: 0.0068, val_loss: 0.0258, val_acc: 0.5567
Epoch [43/50], Loss: 0.0066, val_loss: 0.0265, val_acc: 0.5517
Epoch [44/50], Loss: 0.0067, val_loss: 0.0261, val_acc: 0.5511
Epoch [45/50], Loss: 0.0065, val_loss: 0.0260, val_acc: 0.5588
Epoch [46/50], Loss: 0.0064, val_loss: 0.0263, val_acc: 0.5560
Epoch [47/50], Loss: 0.0063, val_loss: 0.0268, val_acc: 0.5497
Epoch [48/50], Loss: 0.0062, val_loss: 0.0262, val_acc: 0.5450
Epoch [49/50], Loss: 0.0064, val_loss: 0.0261, val_acc: 0.5525
Epoch [50/50], Loss: 0.0062, val_loss: 0.0269, val_acc: 0.5465
test_accuracy: 55.58 %
learning time: 155.721 [sec]
MyFewMLP training start ...
Epoch [1/50], Loss: 0.0312, val_loss: 0.0293, val_acc: 0.3760
Epoch [2/50], Loss: 0.0286, val_loss: 0.0277, val_acc: 0.4020
Epoch [3/50], Loss: 0.0266, val_loss: 0.0261, val_acc: 0.4346
Epoch [4/50], Loss: 0.0253, val_loss: 0.0253, val_acc: 0.4465
Epoch [5/50], Loss: 0.0243, val_loss: 0.0249, val_acc: 0.4565
Epoch [6/50], Loss: 0.0235, val_loss: 0.0247, val_acc: 0.4623
Epoch [7/50], Loss: 0.0227, val_loss: 0.0244, val_acc: 0.4648
Epoch [8/50], Loss: 0.0222, val_loss: 0.0240, val_acc: 0.4691
Epoch [9/50], Loss: 0.0215, val_loss: 0.0237, val_acc: 0.4807
Epoch [10/50], Loss: 0.0208, val_loss: 0.0233, val_acc: 0.4897
Epoch [11/50], Loss: 0.0203, val_loss: 0.0232, val_acc: 0.4917
Epoch [12/50], Loss: 0.0198, val_loss: 0.0234, val_acc: 0.4948
Epoch [13/50], Loss: 0.0192, val_loss: 0.0231, val_acc: 0.4996
Epoch [14/50], Loss: 0.0188, val_loss: 0.0229, val_acc: 0.5036
Epoch [15/50], Loss: 0.0184, val_loss: 0.0229, val_acc: 0.4991
Epoch [16/50], Loss: 0.0179, val_loss: 0.0228, val_acc: 0.5051
Epoch [17/50], Loss: 0.0176, val_loss: 0.0227, val_acc: 0.5011
Epoch [18/50], Loss: 0.0172, val_loss: 0.0225, val_acc: 0.5105
Epoch [19/50], Loss: 0.0168, val_loss: 0.0230, val_acc: 0.5012
Epoch [20/50], Loss: 0.0163, val_loss: 0.0231, val_acc: 0.5013
Epoch [21/50], Loss: 0.0160, val_loss: 0.0229, val_acc: 0.5086
Epoch [22/50], Loss: 0.0158, val_loss: 0.0229, val_acc: 0.5159
Epoch [23/50], Loss: 0.0154, val_loss: 0.0229, val_acc: 0.5107
Epoch [24/50], Loss: 0.0152, val_loss: 0.0232, val_acc: 0.5117
Epoch [25/50], Loss: 0.0148, val_loss: 0.0232, val_acc: 0.5077
Epoch [26/50], Loss: 0.0145, val_loss: 0.0231, val_acc: 0.5113
Epoch [27/50], Loss: 0.0142, val_loss: 0.0238, val_acc: 0.4985
Epoch [28/50], Loss: 0.0141, val_loss: 0.0233, val_acc: 0.5081
Epoch [29/50], Loss: 0.0137, val_loss: 0.0235, val_acc: 0.5124
Epoch [30/50], Loss: 0.0136, val_loss: 0.0237, val_acc: 0.5087
Epoch [31/50], Loss: 0.0135, val_loss: 0.0241, val_acc: 0.5063
Epoch [32/50], Loss: 0.0132, val_loss: 0.0240, val_acc: 0.5057
Epoch [33/50], Loss: 0.0130, val_loss: 0.0236, val_acc: 0.5140
Epoch [34/50], Loss: 0.0127, val_loss: 0.0240, val_acc: 0.5102
Epoch [35/50], Loss: 0.0126, val_loss: 0.0238, val_acc: 0.5072
Epoch [36/50], Loss: 0.0125, val_loss: 0.0241, val_acc: 0.5064
Epoch [37/50], Loss: 0.0122, val_loss: 0.0242, val_acc: 0.5055
Epoch [38/50], Loss: 0.0122, val_loss: 0.0242, val_acc: 0.5106
Epoch [39/50], Loss: 0.0121, val_loss: 0.0246, val_acc: 0.5002
Epoch [40/50], Loss: 0.0119, val_loss: 0.0245, val_acc: 0.5082
Epoch [41/50], Loss: 0.0117, val_loss: 0.0244, val_acc: 0.5038
Epoch [42/50], Loss: 0.0117, val_loss: 0.0246, val_acc: 0.5020
Epoch [43/50], Loss: 0.0115, val_loss: 0.0246, val_acc: 0.4983
Epoch [44/50], Loss: 0.0114, val_loss: 0.0248, val_acc: 0.5054
Epoch [45/50], Loss: 0.0113, val_loss: 0.0245, val_acc: 0.5060
Epoch [46/50], Loss: 0.0113, val_loss: 0.0248, val_acc: 0.5037
Epoch [47/50], Loss: 0.0111, val_loss: 0.0247, val_acc: 0.5062
Epoch [48/50], Loss: 0.0111, val_loss: 0.0248, val_acc: 0.4955
Epoch [49/50], Loss: 0.0110, val_loss: 0.0251, val_acc: 0.5047
Epoch [50/50], Loss: 0.0109, val_loss: 0.0250, val_acc: 0.4991
test_accuracy: 49.71 %
learning time: 155.782 [sec]

--------------------------------------------------------------

network: MyManyMLP  |  test_accuracy: 55.58 %  |  learning time: 155.721 [sec]
network: MyFewMLP  |  test_accuracy: 49.71 %  |  learning time: 155.782 [sec]
