Files already downloaded and verified
Files already downloaded and verified
train_dataset =  40000
valid_dataset =  10000
test_dataset =  10000
training start ...
Epoch [1/500], Loss: 0.0176, val_loss: 0.0158, val_acc: 0.4363
Epoch [2/500], Loss: 0.0154, val_loss: 0.0151, val_acc: 0.4713
Epoch [3/500], Loss: 0.0144, val_loss: 0.0145, val_acc: 0.4875
Epoch [4/500], Loss: 0.0136, val_loss: 0.0139, val_acc: 0.5113
Epoch [5/500], Loss: 0.0129, val_loss: 0.0139, val_acc: 0.5141
Epoch [6/500], Loss: 0.0124, val_loss: 0.0136, val_acc: 0.5195
Epoch [7/500], Loss: 0.0118, val_loss: 0.0135, val_acc: 0.5277
Epoch [8/500], Loss: 0.0113, val_loss: 0.0136, val_acc: 0.5335
Epoch [9/500], Loss: 0.0108, val_loss: 0.0133, val_acc: 0.5396
Epoch [10/500], Loss: 0.0104, val_loss: 0.0131, val_acc: 0.5464
Epoch [11/500], Loss: 0.0099, val_loss: 0.0131, val_acc: 0.5503
Epoch [12/500], Loss: 0.0095, val_loss: 0.0135, val_acc: 0.5488
Epoch [13/500], Loss: 0.0091, val_loss: 0.0135, val_acc: 0.5521
Epoch [14/500], Loss: 0.0087, val_loss: 0.0138, val_acc: 0.5432
Epoch [15/500], Loss: 0.0083, val_loss: 0.0137, val_acc: 0.5459
Epoch [16/500], Loss: 0.0080, val_loss: 0.0139, val_acc: 0.5477
Epoch [17/500], Loss: 0.0076, val_loss: 0.0137, val_acc: 0.5507
Epoch [18/500], Loss: 0.0073, val_loss: 0.0144, val_acc: 0.5395
Epoch [19/500], Loss: 0.0070, val_loss: 0.0143, val_acc: 0.5463
Epoch [20/500], Loss: 0.0067, val_loss: 0.0142, val_acc: 0.5587
Epoch [21/500], Loss: 0.0063, val_loss: 0.0147, val_acc: 0.5453
Epoch [22/500], Loss: 0.0061, val_loss: 0.0148, val_acc: 0.5451
Epoch [23/500], Loss: 0.0057, val_loss: 0.0148, val_acc: 0.5597
Epoch [24/500], Loss: 0.0055, val_loss: 0.0151, val_acc: 0.5568
Epoch [25/500], Loss: 0.0053, val_loss: 0.0151, val_acc: 0.5568
Epoch [26/500], Loss: 0.0051, val_loss: 0.0153, val_acc: 0.5435
Epoch [27/500], Loss: 0.0050, val_loss: 0.0157, val_acc: 0.5531
Epoch [28/500], Loss: 0.0046, val_loss: 0.0156, val_acc: 0.5568
Epoch [29/500], Loss: 0.0045, val_loss: 0.0163, val_acc: 0.5511
Epoch [30/500], Loss: 0.0043, val_loss: 0.0163, val_acc: 0.5528
Epoch [31/500], Loss: 0.0042, val_loss: 0.0166, val_acc: 0.5533
Epoch [32/500], Loss: 0.0041, val_loss: 0.0164, val_acc: 0.5522
Epoch [33/500], Loss: 0.0039, val_loss: 0.0167, val_acc: 0.5556
Epoch [34/500], Loss: 0.0037, val_loss: 0.0169, val_acc: 0.5433
Epoch [35/500], Loss: 0.0037, val_loss: 0.0164, val_acc: 0.5573
Epoch [36/500], Loss: 0.0034, val_loss: 0.0168, val_acc: 0.5537
Epoch [37/500], Loss: 0.0033, val_loss: 0.0178, val_acc: 0.5478
Epoch [38/500], Loss: 0.0032, val_loss: 0.0176, val_acc: 0.5544
Epoch [39/500], Loss: 0.0032, val_loss: 0.0176, val_acc: 0.5579
Epoch [40/500], Loss: 0.0031, val_loss: 0.0173, val_acc: 0.5532
Epoch [41/500], Loss: 0.0030, val_loss: 0.0173, val_acc: 0.5555
Epoch [42/500], Loss: 0.0028, val_loss: 0.0177, val_acc: 0.5554
Epoch [43/500], Loss: 0.0028, val_loss: 0.0180, val_acc: 0.5573
Epoch [44/500], Loss: 0.0028, val_loss: 0.0180, val_acc: 0.5525
Epoch [45/500], Loss: 0.0027, val_loss: 0.0184, val_acc: 0.5617
Epoch [46/500], Loss: 0.0027, val_loss: 0.0182, val_acc: 0.5643
Epoch [47/500], Loss: 0.0026, val_loss: 0.0180, val_acc: 0.5600
Epoch [48/500], Loss: 0.0026, val_loss: 0.0182, val_acc: 0.5618
Epoch [49/500], Loss: 0.0026, val_loss: 0.0185, val_acc: 0.5578
Epoch [50/500], Loss: 0.0024, val_loss: 0.0183, val_acc: 0.5595
Epoch [51/500], Loss: 0.0024, val_loss: 0.0180, val_acc: 0.5609
Epoch [52/500], Loss: 0.0022, val_loss: 0.0191, val_acc: 0.5525
Epoch [53/500], Loss: 0.0024, val_loss: 0.0188, val_acc: 0.5615
Epoch [54/500], Loss: 0.0023, val_loss: 0.0183, val_acc: 0.5508
Epoch [55/500], Loss: 0.0022, val_loss: 0.0187, val_acc: 0.5606
Epoch [56/500], Loss: 0.0022, val_loss: 0.0184, val_acc: 0.5604
Epoch [57/500], Loss: 0.0022, val_loss: 0.0185, val_acc: 0.5632
Epoch [58/500], Loss: 0.0022, val_loss: 0.0185, val_acc: 0.5642
Epoch [59/500], Loss: 0.0021, val_loss: 0.0186, val_acc: 0.5550
Epoch [60/500], Loss: 0.0020, val_loss: 0.0194, val_acc: 0.5578
Epoch [61/500], Loss: 0.0021, val_loss: 0.0188, val_acc: 0.5551
Epoch [62/500], Loss: 0.0021, val_loss: 0.0188, val_acc: 0.5640
Epoch [63/500], Loss: 0.0021, val_loss: 0.0189, val_acc: 0.5558
Epoch [64/500], Loss: 0.0019, val_loss: 0.0191, val_acc: 0.5580
Epoch [65/500], Loss: 0.0019, val_loss: 0.0194, val_acc: 0.5502
Epoch [66/500], Loss: 0.0019, val_loss: 0.0190, val_acc: 0.5625
Epoch [67/500], Loss: 0.0019, val_loss: 0.0189, val_acc: 0.5473
Epoch [68/500], Loss: 0.0020, val_loss: 0.0190, val_acc: 0.5637
Epoch [69/500], Loss: 0.0018, val_loss: 0.0195, val_acc: 0.5577
Epoch [70/500], Loss: 0.0019, val_loss: 0.0188, val_acc: 0.5672
Epoch [71/500], Loss: 0.0019, val_loss: 0.0190, val_acc: 0.5609
Epoch [72/500], Loss: 0.0018, val_loss: 0.0188, val_acc: 0.5627
Epoch [73/500], Loss: 0.0018, val_loss: 0.0194, val_acc: 0.5575
Epoch [74/500], Loss: 0.0017, val_loss: 0.0191, val_acc: 0.5607
Epoch [75/500], Loss: 0.0018, val_loss: 0.0190, val_acc: 0.5569
Epoch [76/500], Loss: 0.0018, val_loss: 0.0188, val_acc: 0.5520
Epoch [77/500], Loss: 0.0017, val_loss: 0.0196, val_acc: 0.5572
Epoch [78/500], Loss: 0.0018, val_loss: 0.0192, val_acc: 0.5516
Epoch [79/500], Loss: 0.0018, val_loss: 0.0189, val_acc: 0.5630
Epoch [80/500], Loss: 0.0017, val_loss: 0.0194, val_acc: 0.5545
Epoch [81/500], Loss: 0.0017, val_loss: 0.0192, val_acc: 0.5618
Epoch [82/500], Loss: 0.0017, val_loss: 0.0190, val_acc: 0.5701
Epoch [83/500], Loss: 0.0018, val_loss: 0.0199, val_acc: 0.5487
Epoch [84/500], Loss: 0.0017, val_loss: 0.0197, val_acc: 0.5617
Epoch [85/500], Loss: 0.0017, val_loss: 0.0193, val_acc: 0.5654
Epoch [86/500], Loss: 0.0017, val_loss: 0.0193, val_acc: 0.5611
Epoch [87/500], Loss: 0.0016, val_loss: 0.0199, val_acc: 0.5617
Epoch [88/500], Loss: 0.0018, val_loss: 0.0195, val_acc: 0.5575
Epoch [89/500], Loss: 0.0017, val_loss: 0.0195, val_acc: 0.5595
Epoch [90/500], Loss: 0.0017, val_loss: 0.0200, val_acc: 0.5500
Epoch [91/500], Loss: 0.0016, val_loss: 0.0194, val_acc: 0.5594
Epoch [92/500], Loss: 0.0016, val_loss: 0.0191, val_acc: 0.5666
Epoch [93/500], Loss: 0.0015, val_loss: 0.0201, val_acc: 0.5525
Epoch [94/500], Loss: 0.0017, val_loss: 0.0195, val_acc: 0.5566
Epoch [95/500], Loss: 0.0016, val_loss: 0.0193, val_acc: 0.5673
Epoch [96/500], Loss: 0.0016, val_loss: 0.0201, val_acc: 0.5485
Epoch [97/500], Loss: 0.0016, val_loss: 0.0198, val_acc: 0.5548
Epoch [98/500], Loss: 0.0017, val_loss: 0.0199, val_acc: 0.5666
Epoch [99/500], Loss: 0.0017, val_loss: 0.0198, val_acc: 0.5543
Epoch [100/500], Loss: 0.0016, val_loss: 0.0193, val_acc: 0.5613
Epoch [101/500], Loss: 0.0016, val_loss: 0.0195, val_acc: 0.5608
Epoch [102/500], Loss: 0.0016, val_loss: 0.0196, val_acc: 0.5634
Epoch [103/500], Loss: 0.0015, val_loss: 0.0196, val_acc: 0.5637
Epoch [104/500], Loss: 0.0015, val_loss: 0.0192, val_acc: 0.5636
Epoch [105/500], Loss: 0.0015, val_loss: 0.0195, val_acc: 0.5537
Epoch [106/500], Loss: 0.0016, val_loss: 0.0195, val_acc: 0.5603
Epoch [107/500], Loss: 0.0015, val_loss: 0.0195, val_acc: 0.5570
Epoch [108/500], Loss: 0.0015, val_loss: 0.0199, val_acc: 0.5575
Epoch [109/500], Loss: 0.0016, val_loss: 0.0194, val_acc: 0.5587
Epoch [110/500], Loss: 0.0015, val_loss: 0.0195, val_acc: 0.5658
Epoch [111/500], Loss: 0.0016, val_loss: 0.0193, val_acc: 0.5612
Epoch [112/500], Loss: 0.0015, val_loss: 0.0193, val_acc: 0.5680
Epoch [113/500], Loss: 0.0014, val_loss: 0.0196, val_acc: 0.5645
Epoch [114/500], Loss: 0.0015, val_loss: 0.0199, val_acc: 0.5624
Epoch [115/500], Loss: 0.0015, val_loss: 0.0195, val_acc: 0.5623
Epoch [116/500], Loss: 0.0015, val_loss: 0.0193, val_acc: 0.5623
Epoch [117/500], Loss: 0.0015, val_loss: 0.0196, val_acc: 0.5631
Epoch [118/500], Loss: 0.0015, val_loss: 0.0197, val_acc: 0.5592
Epoch [119/500], Loss: 0.0014, val_loss: 0.0199, val_acc: 0.5570
Epoch [120/500], Loss: 0.0014, val_loss: 0.0200, val_acc: 0.5660
Epoch [121/500], Loss: 0.0015, val_loss: 0.0201, val_acc: 0.5523
Epoch [122/500], Loss: 0.0015, val_loss: 0.0200, val_acc: 0.5533
Epoch [123/500], Loss: 0.0015, val_loss: 0.0196, val_acc: 0.5666
Epoch [124/500], Loss: 0.0014, val_loss: 0.0202, val_acc: 0.5602
Epoch [125/500], Loss: 0.0014, val_loss: 0.0194, val_acc: 0.5634
Epoch [126/500], Loss: 0.0014, val_loss: 0.0201, val_acc: 0.5581
Epoch [127/500], Loss: 0.0014, val_loss: 0.0200, val_acc: 0.5530
Epoch [128/500], Loss: 0.0015, val_loss: 0.0196, val_acc: 0.5530
Epoch [129/500], Loss: 0.0015, val_loss: 0.0191, val_acc: 0.5627
Epoch [130/500], Loss: 0.0014, val_loss: 0.0198, val_acc: 0.5624
Epoch [131/500], Loss: 0.0014, val_loss: 0.0195, val_acc: 0.5667
Epoch [132/500], Loss: 0.0015, val_loss: 0.0194, val_acc: 0.5637
Epoch [133/500], Loss: 0.0014, val_loss: 0.0197, val_acc: 0.5604
Epoch [134/500], Loss: 0.0015, val_loss: 0.0197, val_acc: 0.5590
Epoch [135/500], Loss: 0.0014, val_loss: 0.0196, val_acc: 0.5547
Epoch [136/500], Loss: 0.0014, val_loss: 0.0194, val_acc: 0.5626
Epoch [137/500], Loss: 0.0013, val_loss: 0.0197, val_acc: 0.5640
Epoch [138/500], Loss: 0.0014, val_loss: 0.0197, val_acc: 0.5537
Epoch [139/500], Loss: 0.0014, val_loss: 0.0195, val_acc: 0.5594
Epoch [140/500], Loss: 0.0015, val_loss: 0.0196, val_acc: 0.5619
Epoch [141/500], Loss: 0.0014, val_loss: 0.0197, val_acc: 0.5560
Epoch [142/500], Loss: 0.0014, val_loss: 0.0200, val_acc: 0.5570
Epoch [143/500], Loss: 0.0015, val_loss: 0.0199, val_acc: 0.5662
Epoch [144/500], Loss: 0.0014, val_loss: 0.0191, val_acc: 0.5666
Epoch [145/500], Loss: 0.0015, val_loss: 0.0191, val_acc: 0.5612
Epoch [146/500], Loss: 0.0013, val_loss: 0.0203, val_acc: 0.5629
Epoch [147/500], Loss: 0.0014, val_loss: 0.0195, val_acc: 0.5627
Epoch [148/500], Loss: 0.0013, val_loss: 0.0198, val_acc: 0.5652
Epoch [149/500], Loss: 0.0014, val_loss: 0.0195, val_acc: 0.5649
Epoch [150/500], Loss: 0.0014, val_loss: 0.0197, val_acc: 0.5642
Epoch [151/500], Loss: 0.0013, val_loss: 0.0191, val_acc: 0.5697
Epoch [152/500], Loss: 0.0014, val_loss: 0.0196, val_acc: 0.5622
Epoch [153/500], Loss: 0.0014, val_loss: 0.0197, val_acc: 0.5618
Epoch [154/500], Loss: 0.0014, val_loss: 0.0195, val_acc: 0.5648
Epoch [155/500], Loss: 0.0014, val_loss: 0.0193, val_acc: 0.5643
Epoch [156/500], Loss: 0.0014, val_loss: 0.0193, val_acc: 0.5619
Epoch [157/500], Loss: 0.0014, val_loss: 0.0196, val_acc: 0.5609
Epoch [158/500], Loss: 0.0014, val_loss: 0.0191, val_acc: 0.5605
Epoch [159/500], Loss: 0.0013, val_loss: 0.0204, val_acc: 0.5566
Epoch [160/500], Loss: 0.0013, val_loss: 0.0194, val_acc: 0.5600
Epoch [161/500], Loss: 0.0014, val_loss: 0.0194, val_acc: 0.5562
Epoch [162/500], Loss: 0.0013, val_loss: 0.0193, val_acc: 0.5638
Epoch [163/500], Loss: 0.0013, val_loss: 0.0195, val_acc: 0.5550
Epoch [164/500], Loss: 0.0014, val_loss: 0.0195, val_acc: 0.5589
Epoch [165/500], Loss: 0.0013, val_loss: 0.0195, val_acc: 0.5656
Epoch [166/500], Loss: 0.0014, val_loss: 0.0201, val_acc: 0.5555
Epoch [167/500], Loss: 0.0014, val_loss: 0.0202, val_acc: 0.5542
Epoch [168/500], Loss: 0.0014, val_loss: 0.0197, val_acc: 0.5570
Epoch [169/500], Loss: 0.0013, val_loss: 0.0199, val_acc: 0.5610
Epoch [170/500], Loss: 0.0014, val_loss: 0.0199, val_acc: 0.5657
Epoch [171/500], Loss: 0.0014, val_loss: 0.0193, val_acc: 0.5667
Epoch [172/500], Loss: 0.0013, val_loss: 0.0195, val_acc: 0.5639
Epoch [173/500], Loss: 0.0013, val_loss: 0.0196, val_acc: 0.5596
Epoch [174/500], Loss: 0.0013, val_loss: 0.0198, val_acc: 0.5625
Epoch [175/500], Loss: 0.0014, val_loss: 0.0191, val_acc: 0.5656
Epoch [176/500], Loss: 0.0013, val_loss: 0.0196, val_acc: 0.5586
Epoch [177/500], Loss: 0.0013, val_loss: 0.0197, val_acc: 0.5609
Epoch [178/500], Loss: 0.0013, val_loss: 0.0197, val_acc: 0.5650
Epoch [179/500], Loss: 0.0013, val_loss: 0.0197, val_acc: 0.5644
Epoch [180/500], Loss: 0.0013, val_loss: 0.0202, val_acc: 0.5611
Epoch [181/500], Loss: 0.0013, val_loss: 0.0200, val_acc: 0.5645
Epoch [182/500], Loss: 0.0013, val_loss: 0.0202, val_acc: 0.5576
Epoch [183/500], Loss: 0.0013, val_loss: 0.0195, val_acc: 0.5649
Epoch [184/500], Loss: 0.0013, val_loss: 0.0197, val_acc: 0.5602
Epoch [185/500], Loss: 0.0014, val_loss: 0.0198, val_acc: 0.5658
Epoch [186/500], Loss: 0.0013, val_loss: 0.0198, val_acc: 0.5573
Epoch [187/500], Loss: 0.0013, val_loss: 0.0193, val_acc: 0.5668
Epoch [188/500], Loss: 0.0013, val_loss: 0.0196, val_acc: 0.5591
Epoch [189/500], Loss: 0.0014, val_loss: 0.0197, val_acc: 0.5606
Epoch [190/500], Loss: 0.0013, val_loss: 0.0198, val_acc: 0.5590
Epoch [191/500], Loss: 0.0014, val_loss: 0.0192, val_acc: 0.5667
Epoch [192/500], Loss: 0.0012, val_loss: 0.0205, val_acc: 0.5618
Epoch [193/500], Loss: 0.0012, val_loss: 0.0204, val_acc: 0.5599
Epoch [194/500], Loss: 0.0013, val_loss: 0.0196, val_acc: 0.5580
Epoch [195/500], Loss: 0.0013, val_loss: 0.0195, val_acc: 0.5588
Epoch [196/500], Loss: 0.0013, val_loss: 0.0193, val_acc: 0.5643
Epoch [197/500], Loss: 0.0014, val_loss: 0.0196, val_acc: 0.5574
Epoch [198/500], Loss: 0.0013, val_loss: 0.0194, val_acc: 0.5629
Epoch [199/500], Loss: 0.0012, val_loss: 0.0194, val_acc: 0.5636
Epoch [200/500], Loss: 0.0013, val_loss: 0.0202, val_acc: 0.5516
Epoch [201/500], Loss: 0.0014, val_loss: 0.0194, val_acc: 0.5647
Epoch [202/500], Loss: 0.0012, val_loss: 0.0198, val_acc: 0.5667
Epoch [203/500], Loss: 0.0013, val_loss: 0.0199, val_acc: 0.5578
Epoch [204/500], Loss: 0.0013, val_loss: 0.0196, val_acc: 0.5583
Epoch [205/500], Loss: 0.0013, val_loss: 0.0197, val_acc: 0.5677
Epoch [206/500], Loss: 0.0012, val_loss: 0.0203, val_acc: 0.5529
Epoch [207/500], Loss: 0.0013, val_loss: 0.0198, val_acc: 0.5665
Epoch [208/500], Loss: 0.0012, val_loss: 0.0196, val_acc: 0.5636
Epoch [209/500], Loss: 0.0013, val_loss: 0.0198, val_acc: 0.5636
Epoch [210/500], Loss: 0.0012, val_loss: 0.0203, val_acc: 0.5526
Epoch [211/500], Loss: 0.0013, val_loss: 0.0194, val_acc: 0.5698
Epoch [212/500], Loss: 0.0013, val_loss: 0.0197, val_acc: 0.5674
Epoch [213/500], Loss: 0.0013, val_loss: 0.0199, val_acc: 0.5644
Epoch [214/500], Loss: 0.0013, val_loss: 0.0195, val_acc: 0.5635
Epoch [215/500], Loss: 0.0013, val_loss: 0.0196, val_acc: 0.5628
Epoch [216/500], Loss: 0.0012, val_loss: 0.0191, val_acc: 0.5657
Epoch [217/500], Loss: 0.0013, val_loss: 0.0198, val_acc: 0.5620
Epoch [218/500], Loss: 0.0013, val_loss: 0.0197, val_acc: 0.5634
Epoch [219/500], Loss: 0.0013, val_loss: 0.0200, val_acc: 0.5544
Epoch [220/500], Loss: 0.0013, val_loss: 0.0192, val_acc: 0.5590
Epoch [221/500], Loss: 0.0012, val_loss: 0.0199, val_acc: 0.5492
Epoch [222/500], Loss: 0.0013, val_loss: 0.0198, val_acc: 0.5570
Epoch [223/500], Loss: 0.0013, val_loss: 0.0198, val_acc: 0.5619
Epoch [224/500], Loss: 0.0012, val_loss: 0.0199, val_acc: 0.5612
Epoch [225/500], Loss: 0.0013, val_loss: 0.0194, val_acc: 0.5655
Epoch [226/500], Loss: 0.0012, val_loss: 0.0198, val_acc: 0.5541
Epoch [227/500], Loss: 0.0012, val_loss: 0.0199, val_acc: 0.5615
Epoch [228/500], Loss: 0.0012, val_loss: 0.0198, val_acc: 0.5575
Epoch [229/500], Loss: 0.0014, val_loss: 0.0197, val_acc: 0.5642
Epoch [230/500], Loss: 0.0013, val_loss: 0.0193, val_acc: 0.5662
Epoch [231/500], Loss: 0.0013, val_loss: 0.0192, val_acc: 0.5624
Epoch [232/500], Loss: 0.0012, val_loss: 0.0196, val_acc: 0.5639
Epoch [233/500], Loss: 0.0012, val_loss: 0.0197, val_acc: 0.5609
Epoch [234/500], Loss: 0.0013, val_loss: 0.0196, val_acc: 0.5634
Epoch [235/500], Loss: 0.0013, val_loss: 0.0194, val_acc: 0.5645
Epoch [236/500], Loss: 0.0012, val_loss: 0.0200, val_acc: 0.5653
Epoch [237/500], Loss: 0.0012, val_loss: 0.0200, val_acc: 0.5650
Epoch [238/500], Loss: 0.0012, val_loss: 0.0197, val_acc: 0.5616
Epoch [239/500], Loss: 0.0013, val_loss: 0.0195, val_acc: 0.5710
Epoch [240/500], Loss: 0.0013, val_loss: 0.0200, val_acc: 0.5646
Epoch [241/500], Loss: 0.0012, val_loss: 0.0196, val_acc: 0.5584
Epoch [242/500], Loss: 0.0013, val_loss: 0.0192, val_acc: 0.5605
Epoch [243/500], Loss: 0.0012, val_loss: 0.0202, val_acc: 0.5620
Epoch [244/500], Loss: 0.0013, val_loss: 0.0195, val_acc: 0.5609
Epoch [245/500], Loss: 0.0013, val_loss: 0.0195, val_acc: 0.5645
Epoch [246/500], Loss: 0.0012, val_loss: 0.0202, val_acc: 0.5595
Epoch [247/500], Loss: 0.0012, val_loss: 0.0196, val_acc: 0.5616
Epoch [248/500], Loss: 0.0012, val_loss: 0.0202, val_acc: 0.5602
Epoch [249/500], Loss: 0.0012, val_loss: 0.0201, val_acc: 0.5605
Epoch [250/500], Loss: 0.0012, val_loss: 0.0191, val_acc: 0.5664
Epoch [251/500], Loss: 0.0012, val_loss: 0.0195, val_acc: 0.5670
Epoch [252/500], Loss: 0.0012, val_loss: 0.0197, val_acc: 0.5659
Epoch [253/500], Loss: 0.0012, val_loss: 0.0201, val_acc: 0.5648
Epoch [254/500], Loss: 0.0012, val_loss: 0.0194, val_acc: 0.5627
Epoch [255/500], Loss: 0.0012, val_loss: 0.0203, val_acc: 0.5651
Epoch [256/500], Loss: 0.0012, val_loss: 0.0198, val_acc: 0.5664
Epoch [257/500], Loss: 0.0012, val_loss: 0.0200, val_acc: 0.5677
Epoch [258/500], Loss: 0.0012, val_loss: 0.0190, val_acc: 0.5653
Epoch [259/500], Loss: 0.0012, val_loss: 0.0193, val_acc: 0.5697
Epoch [260/500], Loss: 0.0012, val_loss: 0.0193, val_acc: 0.5617
Epoch [261/500], Loss: 0.0012, val_loss: 0.0199, val_acc: 0.5647
Epoch [262/500], Loss: 0.0012, val_loss: 0.0198, val_acc: 0.5626
Epoch [263/500], Loss: 0.0012, val_loss: 0.0195, val_acc: 0.5657
Epoch [264/500], Loss: 0.0012, val_loss: 0.0194, val_acc: 0.5709
Epoch [265/500], Loss: 0.0012, val_loss: 0.0193, val_acc: 0.5636
Epoch [266/500], Loss: 0.0012, val_loss: 0.0192, val_acc: 0.5636
Epoch [267/500], Loss: 0.0013, val_loss: 0.0199, val_acc: 0.5566
Epoch [268/500], Loss: 0.0012, val_loss: 0.0198, val_acc: 0.5641
Epoch [269/500], Loss: 0.0013, val_loss: 0.0201, val_acc: 0.5616
Epoch [270/500], Loss: 0.0012, val_loss: 0.0198, val_acc: 0.5600
Epoch [271/500], Loss: 0.0012, val_loss: 0.0195, val_acc: 0.5639
Epoch [272/500], Loss: 0.0012, val_loss: 0.0197, val_acc: 0.5589
Epoch [273/500], Loss: 0.0012, val_loss: 0.0196, val_acc: 0.5636
Epoch [274/500], Loss: 0.0012, val_loss: 0.0203, val_acc: 0.5589
Epoch [275/500], Loss: 0.0012, val_loss: 0.0196, val_acc: 0.5613
Epoch [276/500], Loss: 0.0012, val_loss: 0.0199, val_acc: 0.5622
Epoch [277/500], Loss: 0.0012, val_loss: 0.0198, val_acc: 0.5577
Epoch [278/500], Loss: 0.0011, val_loss: 0.0198, val_acc: 0.5600
Epoch [279/500], Loss: 0.0012, val_loss: 0.0199, val_acc: 0.5620
Epoch [280/500], Loss: 0.0012, val_loss: 0.0196, val_acc: 0.5619
Epoch [281/500], Loss: 0.0012, val_loss: 0.0198, val_acc: 0.5682
Epoch [282/500], Loss: 0.0012, val_loss: 0.0197, val_acc: 0.5611
Epoch [283/500], Loss: 0.0013, val_loss: 0.0199, val_acc: 0.5627
Epoch [284/500], Loss: 0.0012, val_loss: 0.0194, val_acc: 0.5625
Epoch [285/500], Loss: 0.0011, val_loss: 0.0195, val_acc: 0.5622
Epoch [286/500], Loss: 0.0011, val_loss: 0.0200, val_acc: 0.5650
Epoch [287/500], Loss: 0.0013, val_loss: 0.0200, val_acc: 0.5514
Epoch [288/500], Loss: 0.0014, val_loss: 0.0195, val_acc: 0.5595
Epoch [289/500], Loss: 0.0012, val_loss: 0.0195, val_acc: 0.5661
Epoch [290/500], Loss: 0.0012, val_loss: 0.0196, val_acc: 0.5582
Epoch [291/500], Loss: 0.0012, val_loss: 0.0198, val_acc: 0.5609
Epoch [292/500], Loss: 0.0012, val_loss: 0.0195, val_acc: 0.5618
Epoch [293/500], Loss: 0.0011, val_loss: 0.0200, val_acc: 0.5591
Epoch [294/500], Loss: 0.0011, val_loss: 0.0202, val_acc: 0.5557
Epoch [295/500], Loss: 0.0012, val_loss: 0.0196, val_acc: 0.5695
Epoch [296/500], Loss: 0.0012, val_loss: 0.0199, val_acc: 0.5608
Epoch [297/500], Loss: 0.0011, val_loss: 0.0199, val_acc: 0.5575
Epoch [298/500], Loss: 0.0012, val_loss: 0.0193, val_acc: 0.5693
Epoch [299/500], Loss: 0.0013, val_loss: 0.0197, val_acc: 0.5657
Epoch [300/500], Loss: 0.0012, val_loss: 0.0196, val_acc: 0.5625
Epoch [301/500], Loss: 0.0012, val_loss: 0.0195, val_acc: 0.5652
Epoch [302/500], Loss: 0.0011, val_loss: 0.0204, val_acc: 0.5539
Epoch [303/500], Loss: 0.0012, val_loss: 0.0202, val_acc: 0.5568
Epoch [304/500], Loss: 0.0011, val_loss: 0.0200, val_acc: 0.5600
Epoch [305/500], Loss: 0.0012, val_loss: 0.0193, val_acc: 0.5686
Epoch [306/500], Loss: 0.0011, val_loss: 0.0201, val_acc: 0.5573
Epoch [307/500], Loss: 0.0012, val_loss: 0.0201, val_acc: 0.5595
Epoch [308/500], Loss: 0.0011, val_loss: 0.0201, val_acc: 0.5664
Epoch [309/500], Loss: 0.0011, val_loss: 0.0197, val_acc: 0.5651
Epoch [310/500], Loss: 0.0012, val_loss: 0.0195, val_acc: 0.5670
Epoch [311/500], Loss: 0.0012, val_loss: 0.0195, val_acc: 0.5652
Epoch [312/500], Loss: 0.0011, val_loss: 0.0196, val_acc: 0.5666
Epoch [313/500], Loss: 0.0013, val_loss: 0.0196, val_acc: 0.5621
Epoch [314/500], Loss: 0.0012, val_loss: 0.0199, val_acc: 0.5596
Epoch [315/500], Loss: 0.0011, val_loss: 0.0200, val_acc: 0.5588
Epoch [316/500], Loss: 0.0012, val_loss: 0.0200, val_acc: 0.5673
Epoch [317/500], Loss: 0.0012, val_loss: 0.0200, val_acc: 0.5559
Epoch [318/500], Loss: 0.0012, val_loss: 0.0202, val_acc: 0.5591
Epoch [319/500], Loss: 0.0012, val_loss: 0.0204, val_acc: 0.5630
Epoch [320/500], Loss: 0.0012, val_loss: 0.0202, val_acc: 0.5595
Epoch [321/500], Loss: 0.0012, val_loss: 0.0196, val_acc: 0.5562
Epoch [322/500], Loss: 0.0012, val_loss: 0.0199, val_acc: 0.5595
Epoch [323/500], Loss: 0.0011, val_loss: 0.0203, val_acc: 0.5584
Epoch [324/500], Loss: 0.0011, val_loss: 0.0195, val_acc: 0.5684
Epoch [325/500], Loss: 0.0012, val_loss: 0.0199, val_acc: 0.5591
Epoch [326/500], Loss: 0.0012, val_loss: 0.0198, val_acc: 0.5644
Epoch [327/500], Loss: 0.0012, val_loss: 0.0198, val_acc: 0.5605
Epoch [328/500], Loss: 0.0011, val_loss: 0.0199, val_acc: 0.5670
Epoch [329/500], Loss: 0.0012, val_loss: 0.0201, val_acc: 0.5580
Epoch [330/500], Loss: 0.0012, val_loss: 0.0198, val_acc: 0.5594
Epoch [331/500], Loss: 0.0012, val_loss: 0.0195, val_acc: 0.5630
Epoch [332/500], Loss: 0.0011, val_loss: 0.0198, val_acc: 0.5572
Epoch [333/500], Loss: 0.0012, val_loss: 0.0197, val_acc: 0.5628
Epoch [334/500], Loss: 0.0012, val_loss: 0.0204, val_acc: 0.5588
Epoch [335/500], Loss: 0.0013, val_loss: 0.0197, val_acc: 0.5635
Epoch [336/500], Loss: 0.0012, val_loss: 0.0192, val_acc: 0.5653
Epoch [337/500], Loss: 0.0011, val_loss: 0.0199, val_acc: 0.5590
Epoch [338/500], Loss: 0.0011, val_loss: 0.0195, val_acc: 0.5633
Epoch [339/500], Loss: 0.0011, val_loss: 0.0198, val_acc: 0.5618
Epoch [340/500], Loss: 0.0013, val_loss: 0.0196, val_acc: 0.5595
Epoch [341/500], Loss: 0.0012, val_loss: 0.0198, val_acc: 0.5659
Epoch [342/500], Loss: 0.0012, val_loss: 0.0195, val_acc: 0.5623
Epoch [343/500], Loss: 0.0011, val_loss: 0.0195, val_acc: 0.5538
Epoch [344/500], Loss: 0.0011, val_loss: 0.0199, val_acc: 0.5645
Epoch [345/500], Loss: 0.0011, val_loss: 0.0197, val_acc: 0.5613
Epoch [346/500], Loss: 0.0011, val_loss: 0.0202, val_acc: 0.5559
Epoch [347/500], Loss: 0.0011, val_loss: 0.0200, val_acc: 0.5590
Epoch [348/500], Loss: 0.0012, val_loss: 0.0197, val_acc: 0.5630
Epoch [349/500], Loss: 0.0011, val_loss: 0.0196, val_acc: 0.5726
Epoch [350/500], Loss: 0.0011, val_loss: 0.0194, val_acc: 0.5690
Epoch [351/500], Loss: 0.0011, val_loss: 0.0194, val_acc: 0.5669
Epoch [352/500], Loss: 0.0012, val_loss: 0.0193, val_acc: 0.5628
Epoch [353/500], Loss: 0.0012, val_loss: 0.0195, val_acc: 0.5551
Epoch [354/500], Loss: 0.0012, val_loss: 0.0199, val_acc: 0.5635
Epoch [355/500], Loss: 0.0011, val_loss: 0.0199, val_acc: 0.5652
Epoch [356/500], Loss: 0.0011, val_loss: 0.0197, val_acc: 0.5673
Epoch [357/500], Loss: 0.0011, val_loss: 0.0193, val_acc: 0.5657
Epoch [358/500], Loss: 0.0011, val_loss: 0.0197, val_acc: 0.5611
Epoch [359/500], Loss: 0.0013, val_loss: 0.0193, val_acc: 0.5654
Epoch [360/500], Loss: 0.0012, val_loss: 0.0194, val_acc: 0.5699
Epoch [361/500], Loss: 0.0011, val_loss: 0.0193, val_acc: 0.5680
Epoch [362/500], Loss: 0.0012, val_loss: 0.0198, val_acc: 0.5668
Epoch [363/500], Loss: 0.0011, val_loss: 0.0194, val_acc: 0.5691
Epoch [364/500], Loss: 0.0011, val_loss: 0.0196, val_acc: 0.5625
Epoch [365/500], Loss: 0.0012, val_loss: 0.0199, val_acc: 0.5554
Epoch [366/500], Loss: 0.0012, val_loss: 0.0199, val_acc: 0.5614
Epoch [367/500], Loss: 0.0012, val_loss: 0.0197, val_acc: 0.5629
Epoch [368/500], Loss: 0.0012, val_loss: 0.0194, val_acc: 0.5628
Epoch [369/500], Loss: 0.0012, val_loss: 0.0197, val_acc: 0.5651
Epoch [370/500], Loss: 0.0011, val_loss: 0.0194, val_acc: 0.5603
Epoch [371/500], Loss: 0.0011, val_loss: 0.0193, val_acc: 0.5681
Epoch [372/500], Loss: 0.0011, val_loss: 0.0199, val_acc: 0.5615
Epoch [373/500], Loss: 0.0011, val_loss: 0.0198, val_acc: 0.5576
Epoch [374/500], Loss: 0.0011, val_loss: 0.0199, val_acc: 0.5580
Epoch [375/500], Loss: 0.0011, val_loss: 0.0197, val_acc: 0.5707
Epoch [376/500], Loss: 0.0012, val_loss: 0.0197, val_acc: 0.5625
Epoch [377/500], Loss: 0.0012, val_loss: 0.0198, val_acc: 0.5633
Epoch [378/500], Loss: 0.0011, val_loss: 0.0198, val_acc: 0.5572
Epoch [379/500], Loss: 0.0012, val_loss: 0.0198, val_acc: 0.5551
Epoch [380/500], Loss: 0.0012, val_loss: 0.0199, val_acc: 0.5620
Epoch [381/500], Loss: 0.0012, val_loss: 0.0197, val_acc: 0.5659
Epoch [382/500], Loss: 0.0012, val_loss: 0.0192, val_acc: 0.5624
Epoch [383/500], Loss: 0.0012, val_loss: 0.0194, val_acc: 0.5673
Epoch [384/500], Loss: 0.0011, val_loss: 0.0196, val_acc: 0.5675
Epoch [385/500], Loss: 0.0011, val_loss: 0.0200, val_acc: 0.5622
Epoch [386/500], Loss: 0.0012, val_loss: 0.0197, val_acc: 0.5659
Epoch [387/500], Loss: 0.0012, val_loss: 0.0196, val_acc: 0.5687
Epoch [388/500], Loss: 0.0011, val_loss: 0.0199, val_acc: 0.5694
Epoch [389/500], Loss: 0.0011, val_loss: 0.0200, val_acc: 0.5619
Epoch [390/500], Loss: 0.0011, val_loss: 0.0197, val_acc: 0.5639
Epoch [391/500], Loss: 0.0011, val_loss: 0.0196, val_acc: 0.5695
Epoch [392/500], Loss: 0.0012, val_loss: 0.0196, val_acc: 0.5723
Epoch [393/500], Loss: 0.0012, val_loss: 0.0195, val_acc: 0.5612
Epoch [394/500], Loss: 0.0010, val_loss: 0.0197, val_acc: 0.5689
Epoch [395/500], Loss: 0.0010, val_loss: 0.0200, val_acc: 0.5630
Epoch [396/500], Loss: 0.0012, val_loss: 0.0194, val_acc: 0.5611
Epoch [397/500], Loss: 0.0011, val_loss: 0.0197, val_acc: 0.5620
Epoch [398/500], Loss: 0.0012, val_loss: 0.0196, val_acc: 0.5619
Epoch [399/500], Loss: 0.0011, val_loss: 0.0191, val_acc: 0.5677
Epoch [400/500], Loss: 0.0011, val_loss: 0.0196, val_acc: 0.5649
Epoch [401/500], Loss: 0.0010, val_loss: 0.0197, val_acc: 0.5680
Epoch [402/500], Loss: 0.0011, val_loss: 0.0194, val_acc: 0.5684
Epoch [403/500], Loss: 0.0012, val_loss: 0.0192, val_acc: 0.5614
Epoch [404/500], Loss: 0.0012, val_loss: 0.0196, val_acc: 0.5693
Epoch [405/500], Loss: 0.0011, val_loss: 0.0197, val_acc: 0.5642
Epoch [406/500], Loss: 0.0011, val_loss: 0.0198, val_acc: 0.5586
Epoch [407/500], Loss: 0.0011, val_loss: 0.0196, val_acc: 0.5707
Epoch [408/500], Loss: 0.0011, val_loss: 0.0195, val_acc: 0.5663
Epoch [409/500], Loss: 0.0012, val_loss: 0.0193, val_acc: 0.5688
Epoch [410/500], Loss: 0.0010, val_loss: 0.0194, val_acc: 0.5592
Epoch [411/500], Loss: 0.0011, val_loss: 0.0196, val_acc: 0.5656
Epoch [412/500], Loss: 0.0012, val_loss: 0.0198, val_acc: 0.5635
Epoch [413/500], Loss: 0.0011, val_loss: 0.0195, val_acc: 0.5647
Epoch [414/500], Loss: 0.0012, val_loss: 0.0193, val_acc: 0.5706
Epoch [415/500], Loss: 0.0011, val_loss: 0.0199, val_acc: 0.5662
Epoch [416/500], Loss: 0.0012, val_loss: 0.0195, val_acc: 0.5644
Epoch [417/500], Loss: 0.0011, val_loss: 0.0193, val_acc: 0.5630
Epoch [418/500], Loss: 0.0010, val_loss: 0.0201, val_acc: 0.5645
Epoch [419/500], Loss: 0.0012, val_loss: 0.0200, val_acc: 0.5569
Epoch [420/500], Loss: 0.0011, val_loss: 0.0193, val_acc: 0.5628
Epoch [421/500], Loss: 0.0012, val_loss: 0.0194, val_acc: 0.5645
Epoch [422/500], Loss: 0.0012, val_loss: 0.0202, val_acc: 0.5540
Epoch [423/500], Loss: 0.0011, val_loss: 0.0190, val_acc: 0.5661
Epoch [424/500], Loss: 0.0011, val_loss: 0.0199, val_acc: 0.5608
Epoch [425/500], Loss: 0.0012, val_loss: 0.0199, val_acc: 0.5692
Epoch [426/500], Loss: 0.0012, val_loss: 0.0195, val_acc: 0.5650
Epoch [427/500], Loss: 0.0011, val_loss: 0.0197, val_acc: 0.5632
Epoch [428/500], Loss: 0.0012, val_loss: 0.0195, val_acc: 0.5664
Epoch [429/500], Loss: 0.0012, val_loss: 0.0200, val_acc: 0.5616
Epoch [430/500], Loss: 0.0012, val_loss: 0.0198, val_acc: 0.5602
Epoch [431/500], Loss: 0.0011, val_loss: 0.0199, val_acc: 0.5606
Epoch [432/500], Loss: 0.0011, val_loss: 0.0196, val_acc: 0.5613
Epoch [433/500], Loss: 0.0011, val_loss: 0.0193, val_acc: 0.5614
Epoch [434/500], Loss: 0.0011, val_loss: 0.0194, val_acc: 0.5604
Epoch [435/500], Loss: 0.0011, val_loss: 0.0195, val_acc: 0.5648
Epoch [436/500], Loss: 0.0011, val_loss: 0.0192, val_acc: 0.5673
Epoch [437/500], Loss: 0.0012, val_loss: 0.0198, val_acc: 0.5605
Epoch [438/500], Loss: 0.0010, val_loss: 0.0198, val_acc: 0.5620
Epoch [439/500], Loss: 0.0011, val_loss: 0.0199, val_acc: 0.5611
Epoch [440/500], Loss: 0.0011, val_loss: 0.0198, val_acc: 0.5628
Epoch [441/500], Loss: 0.0012, val_loss: 0.0195, val_acc: 0.5585
Epoch [442/500], Loss: 0.0011, val_loss: 0.0199, val_acc: 0.5631
Epoch [443/500], Loss: 0.0011, val_loss: 0.0200, val_acc: 0.5559
Epoch [444/500], Loss: 0.0012, val_loss: 0.0198, val_acc: 0.5696
Epoch [445/500], Loss: 0.0010, val_loss: 0.0192, val_acc: 0.5655
Epoch [446/500], Loss: 0.0010, val_loss: 0.0197, val_acc: 0.5662
Epoch [447/500], Loss: 0.0012, val_loss: 0.0199, val_acc: 0.5504
Epoch [448/500], Loss: 0.0011, val_loss: 0.0194, val_acc: 0.5659
Epoch [449/500], Loss: 0.0012, val_loss: 0.0196, val_acc: 0.5665
Epoch [450/500], Loss: 0.0011, val_loss: 0.0196, val_acc: 0.5600
Epoch [451/500], Loss: 0.0011, val_loss: 0.0200, val_acc: 0.5584
Epoch [452/500], Loss: 0.0011, val_loss: 0.0196, val_acc: 0.5656
Epoch [453/500], Loss: 0.0011, val_loss: 0.0197, val_acc: 0.5656
Epoch [454/500], Loss: 0.0011, val_loss: 0.0192, val_acc: 0.5642
Epoch [455/500], Loss: 0.0011, val_loss: 0.0192, val_acc: 0.5663
Epoch [456/500], Loss: 0.0011, val_loss: 0.0196, val_acc: 0.5658
Epoch [457/500], Loss: 0.0011, val_loss: 0.0199, val_acc: 0.5598
Epoch [458/500], Loss: 0.0012, val_loss: 0.0197, val_acc: 0.5611
Epoch [459/500], Loss: 0.0010, val_loss: 0.0196, val_acc: 0.5718
Epoch [460/500], Loss: 0.0011, val_loss: 0.0197, val_acc: 0.5732
Epoch [461/500], Loss: 0.0010, val_loss: 0.0195, val_acc: 0.5632
Epoch [462/500], Loss: 0.0011, val_loss: 0.0199, val_acc: 0.5732
Epoch [463/500], Loss: 0.0011, val_loss: 0.0194, val_acc: 0.5682
Epoch [464/500], Loss: 0.0011, val_loss: 0.0195, val_acc: 0.5611
Epoch [465/500], Loss: 0.0011, val_loss: 0.0195, val_acc: 0.5692
Epoch [466/500], Loss: 0.0011, val_loss: 0.0196, val_acc: 0.5702
Epoch [467/500], Loss: 0.0011, val_loss: 0.0199, val_acc: 0.5674
Epoch [468/500], Loss: 0.0011, val_loss: 0.0197, val_acc: 0.5615
Epoch [469/500], Loss: 0.0010, val_loss: 0.0196, val_acc: 0.5636
Epoch [470/500], Loss: 0.0011, val_loss: 0.0195, val_acc: 0.5649
Epoch [471/500], Loss: 0.0010, val_loss: 0.0199, val_acc: 0.5668
Epoch [472/500], Loss: 0.0012, val_loss: 0.0195, val_acc: 0.5604
Epoch [473/500], Loss: 0.0011, val_loss: 0.0201, val_acc: 0.5667
Epoch [474/500], Loss: 0.0010, val_loss: 0.0201, val_acc: 0.5646
Epoch [475/500], Loss: 0.0012, val_loss: 0.0195, val_acc: 0.5567
Epoch [476/500], Loss: 0.0010, val_loss: 0.0200, val_acc: 0.5641
Epoch [477/500], Loss: 0.0011, val_loss: 0.0193, val_acc: 0.5678
Epoch [478/500], Loss: 0.0011, val_loss: 0.0197, val_acc: 0.5636
Epoch [479/500], Loss: 0.0011, val_loss: 0.0202, val_acc: 0.5596
Epoch [480/500], Loss: 0.0011, val_loss: 0.0195, val_acc: 0.5525
Epoch [481/500], Loss: 0.0011, val_loss: 0.0200, val_acc: 0.5607
Epoch [482/500], Loss: 0.0010, val_loss: 0.0202, val_acc: 0.5652
Epoch [483/500], Loss: 0.0011, val_loss: 0.0198, val_acc: 0.5683
Epoch [484/500], Loss: 0.0011, val_loss: 0.0193, val_acc: 0.5700
Epoch [485/500], Loss: 0.0011, val_loss: 0.0198, val_acc: 0.5646
Epoch [486/500], Loss: 0.0012, val_loss: 0.0192, val_acc: 0.5723
Epoch [487/500], Loss: 0.0011, val_loss: 0.0199, val_acc: 0.5645
Epoch [488/500], Loss: 0.0012, val_loss: 0.0196, val_acc: 0.5707
Epoch [489/500], Loss: 0.0010, val_loss: 0.0195, val_acc: 0.5704
Epoch [490/500], Loss: 0.0011, val_loss: 0.0197, val_acc: 0.5581
Epoch [491/500], Loss: 0.0012, val_loss: 0.0197, val_acc: 0.5634
Epoch [492/500], Loss: 0.0012, val_loss: 0.0202, val_acc: 0.5599
Epoch [493/500], Loss: 0.0010, val_loss: 0.0204, val_acc: 0.5589
Epoch [494/500], Loss: 0.0011, val_loss: 0.0197, val_acc: 0.5695
Epoch [495/500], Loss: 0.0012, val_loss: 0.0198, val_acc: 0.5664
Epoch [496/500], Loss: 0.0012, val_loss: 0.0193, val_acc: 0.5656
Epoch [497/500], Loss: 0.0012, val_loss: 0.0200, val_acc: 0.5644
Epoch [498/500], Loss: 0.0011, val_loss: 0.0199, val_acc: 0.5632
Epoch [499/500], Loss: 0.0011, val_loss: 0.0197, val_acc: 0.5633
Epoch [500/500], Loss: 0.0011, val_loss: 0.0197, val_acc: 0.5659
test_accuracy: 56.42 %
learning time: 1502.397 [sec]
