Files already downloaded and verified
Files already downloaded and verified
train_dataset =  40000
valid_dataset =  10000
test_dataset =  10000
Files already downloaded and verified
Files already downloaded and verified
train_dataset1 =  40000
valid_dataset1 =  10000
test_dataset1 =  10000
Default training start ...
Epoch [1/50], Loss: 0.0281, val_loss: 0.0238, val_acc: 0.3997
Epoch [2/50], Loss: 0.0231, val_loss: 0.0211, val_acc: 0.5234
Epoch [3/50], Loss: 0.0189, val_loss: 0.0154, val_acc: 0.6678
Epoch [4/50], Loss: 0.0162, val_loss: 0.0161, val_acc: 0.6567
Epoch [5/50], Loss: 0.0145, val_loss: 0.0139, val_acc: 0.7085
Epoch [6/50], Loss: 0.0127, val_loss: 0.0124, val_acc: 0.7525
Epoch [7/50], Loss: 0.0117, val_loss: 0.0117, val_acc: 0.7577
Epoch [8/50], Loss: 0.0105, val_loss: 0.0110, val_acc: 0.7758
Epoch [9/50], Loss: 0.0095, val_loss: 0.0127, val_acc: 0.7636
Epoch [10/50], Loss: 0.0088, val_loss: 0.0104, val_acc: 0.8027
Epoch [11/50], Loss: 0.0079, val_loss: 0.0104, val_acc: 0.7996
Epoch [12/50], Loss: 0.0074, val_loss: 0.0109, val_acc: 0.8047
Epoch [13/50], Loss: 0.0069, val_loss: 0.0102, val_acc: 0.8147
Epoch [14/50], Loss: 0.0063, val_loss: 0.0103, val_acc: 0.8084
Epoch [15/50], Loss: 0.0060, val_loss: 0.0125, val_acc: 0.7918
Epoch [16/50], Loss: 0.0056, val_loss: 0.0107, val_acc: 0.8177
Epoch [17/50], Loss: 0.0049, val_loss: 0.0116, val_acc: 0.7987
Epoch [18/50], Loss: 0.0048, val_loss: 0.0134, val_acc: 0.7969
Epoch [19/50], Loss: 0.0049, val_loss: 0.0111, val_acc: 0.8118
Epoch [20/50], Loss: 0.0043, val_loss: 0.0119, val_acc: 0.8147
Epoch [21/50], Loss: 0.0040, val_loss: 0.0119, val_acc: 0.8163
Epoch [22/50], Loss: 0.0037, val_loss: 0.0136, val_acc: 0.8108
Epoch [23/50], Loss: 0.0037, val_loss: 0.0120, val_acc: 0.8094
Epoch [24/50], Loss: 0.0037, val_loss: 0.0120, val_acc: 0.8199
Epoch [25/50], Loss: 0.0034, val_loss: 0.0112, val_acc: 0.8169
Epoch [26/50], Loss: 0.0030, val_loss: 0.0135, val_acc: 0.8174
Epoch [27/50], Loss: 0.0031, val_loss: 0.0127, val_acc: 0.8236
Epoch [28/50], Loss: 0.0031, val_loss: 0.0129, val_acc: 0.8249
Epoch [29/50], Loss: 0.0029, val_loss: 0.0122, val_acc: 0.8230
Epoch [30/50], Loss: 0.0029, val_loss: 0.0124, val_acc: 0.8161
Epoch [31/50], Loss: 0.0027, val_loss: 0.0112, val_acc: 0.8323
Epoch [32/50], Loss: 0.0028, val_loss: 0.0120, val_acc: 0.8315
Epoch [33/50], Loss: 0.0027, val_loss: 0.0130, val_acc: 0.8265
Epoch [34/50], Loss: 0.0026, val_loss: 0.0118, val_acc: 0.8400
Epoch [35/50], Loss: 0.0024, val_loss: 0.0111, val_acc: 0.8410
Epoch [36/50], Loss: 0.0023, val_loss: 0.0120, val_acc: 0.8396
Epoch [37/50], Loss: 0.0026, val_loss: 0.0118, val_acc: 0.8426
Epoch [38/50], Loss: 0.0024, val_loss: 0.0134, val_acc: 0.8178
Epoch [39/50], Loss: 0.0025, val_loss: 0.0119, val_acc: 0.8205
Epoch [40/50], Loss: 0.0024, val_loss: 0.0137, val_acc: 0.8150
Epoch [41/50], Loss: 0.0023, val_loss: 0.0144, val_acc: 0.8085
Epoch [42/50], Loss: 0.0025, val_loss: 0.0136, val_acc: 0.8229
Epoch [43/50], Loss: 0.0021, val_loss: 0.0137, val_acc: 0.8133
Epoch [44/50], Loss: 0.0023, val_loss: 0.0117, val_acc: 0.8427
Epoch [45/50], Loss: 0.0019, val_loss: 0.0131, val_acc: 0.8303
Epoch [46/50], Loss: 0.0020, val_loss: 0.0147, val_acc: 0.8275
Epoch [47/50], Loss: 0.0024, val_loss: 0.0114, val_acc: 0.8356
Epoch [48/50], Loss: 0.0022, val_loss: 0.0128, val_acc: 0.8321
Epoch [49/50], Loss: 0.0020, val_loss: 0.0140, val_acc: 0.8201
Epoch [50/50], Loss: 0.0020, val_loss: 0.0156, val_acc: 0.8069
test_accuracy: 80.7 %
learning time: 785.871 [sec]
DataNormalization training start ...
Epoch [1/50], Loss: 0.0281, val_loss: 0.0244, val_acc: 0.3741
Epoch [2/50], Loss: 0.0230, val_loss: 0.0203, val_acc: 0.5216
Epoch [3/50], Loss: 0.0193, val_loss: 0.0163, val_acc: 0.6233
Epoch [4/50], Loss: 0.0165, val_loss: 0.0137, val_acc: 0.6988
Epoch [5/50], Loss: 0.0144, val_loss: 0.0139, val_acc: 0.6941
Epoch [6/50], Loss: 0.0132, val_loss: 0.0133, val_acc: 0.7296
Epoch [7/50], Loss: 0.0118, val_loss: 0.0123, val_acc: 0.7486
Epoch [8/50], Loss: 0.0108, val_loss: 0.0117, val_acc: 0.7563
Epoch [9/50], Loss: 0.0097, val_loss: 0.0106, val_acc: 0.7875
Epoch [10/50], Loss: 0.0088, val_loss: 0.0109, val_acc: 0.7871
Epoch [11/50], Loss: 0.0082, val_loss: 0.0106, val_acc: 0.8092
Epoch [12/50], Loss: 0.0075, val_loss: 0.0110, val_acc: 0.8034
Epoch [13/50], Loss: 0.0069, val_loss: 0.0129, val_acc: 0.7890
Epoch [14/50], Loss: 0.0066, val_loss: 0.0115, val_acc: 0.8014
Epoch [15/50], Loss: 0.0060, val_loss: 0.0104, val_acc: 0.8188
Epoch [16/50], Loss: 0.0057, val_loss: 0.0101, val_acc: 0.8301
Epoch [17/50], Loss: 0.0051, val_loss: 0.0123, val_acc: 0.8024
Epoch [18/50], Loss: 0.0050, val_loss: 0.0103, val_acc: 0.8246
Epoch [19/50], Loss: 0.0046, val_loss: 0.0106, val_acc: 0.8295
Epoch [20/50], Loss: 0.0045, val_loss: 0.0105, val_acc: 0.8277
Epoch [21/50], Loss: 0.0041, val_loss: 0.0130, val_acc: 0.8131
Epoch [22/50], Loss: 0.0040, val_loss: 0.0100, val_acc: 0.8354
Epoch [23/50], Loss: 0.0038, val_loss: 0.0130, val_acc: 0.8036
Epoch [24/50], Loss: 0.0036, val_loss: 0.0118, val_acc: 0.8292
Epoch [25/50], Loss: 0.0034, val_loss: 0.0122, val_acc: 0.8116
Epoch [26/50], Loss: 0.0033, val_loss: 0.0105, val_acc: 0.8409
Epoch [27/50], Loss: 0.0030, val_loss: 0.0105, val_acc: 0.8408
Epoch [28/50], Loss: 0.0032, val_loss: 0.0128, val_acc: 0.8146
Epoch [29/50], Loss: 0.0029, val_loss: 0.0131, val_acc: 0.8167
Epoch [30/50], Loss: 0.0028, val_loss: 0.0114, val_acc: 0.8397
Epoch [31/50], Loss: 0.0029, val_loss: 0.0139, val_acc: 0.8191
Epoch [32/50], Loss: 0.0028, val_loss: 0.0125, val_acc: 0.8308
Epoch [33/50], Loss: 0.0026, val_loss: 0.0130, val_acc: 0.8208
Epoch [34/50], Loss: 0.0026, val_loss: 0.0124, val_acc: 0.8324
Epoch [35/50], Loss: 0.0025, val_loss: 0.0121, val_acc: 0.8213
Epoch [36/50], Loss: 0.0023, val_loss: 0.0130, val_acc: 0.8240
Epoch [37/50], Loss: 0.0025, val_loss: 0.0112, val_acc: 0.8380
Epoch [38/50], Loss: 0.0024, val_loss: 0.0137, val_acc: 0.8193
Epoch [39/50], Loss: 0.0024, val_loss: 0.0127, val_acc: 0.8363
Epoch [40/50], Loss: 0.0023, val_loss: 0.0115, val_acc: 0.8430
Epoch [41/50], Loss: 0.0023, val_loss: 0.0117, val_acc: 0.8380
Epoch [42/50], Loss: 0.0024, val_loss: 0.0131, val_acc: 0.8391
Epoch [43/50], Loss: 0.0024, val_loss: 0.0134, val_acc: 0.8259
Epoch [44/50], Loss: 0.0023, val_loss: 0.0142, val_acc: 0.8138
Epoch [45/50], Loss: 0.0023, val_loss: 0.0123, val_acc: 0.8377
Epoch [46/50], Loss: 0.0024, val_loss: 0.0127, val_acc: 0.8280
Epoch [47/50], Loss: 0.0023, val_loss: 0.0147, val_acc: 0.8139
Epoch [48/50], Loss: 0.0022, val_loss: 0.0111, val_acc: 0.8397
Epoch [49/50], Loss: 0.0020, val_loss: 0.0143, val_acc: 0.8339
Epoch [50/50], Loss: 0.0022, val_loss: 0.0136, val_acc: 0.8157
test_accuracy: 81.01 %
learning time: 801.460 [sec]

--------------------------------------------------------------

Batch Norms: Default  |  test_accuracy: 80.7 %  |  learning time: 785.871 [sec]
Batch Norms: DataNormalization  |  test_accuracy: 81.01 %  |  learning time: 801.460 [sec]
