Files already downloaded and verified
Files already downloaded and verified
train_dataset =  40000
valid_dataset =  10000
test_dataset =  10000
Default(NoDropOut) training start ...
Epoch [1/50], Loss: 0.0340, val_loss: 0.0327, val_acc: 0.2086
Epoch [2/50], Loss: 0.0275, val_loss: 0.0266, val_acc: 0.3716
Epoch [3/50], Loss: 0.0229, val_loss: 0.0229, val_acc: 0.4748
Epoch [4/50], Loss: 0.0200, val_loss: 0.0201, val_acc: 0.5361
Epoch [5/50], Loss: 0.0179, val_loss: 0.0180, val_acc: 0.5826
Epoch [6/50], Loss: 0.0163, val_loss: 0.0164, val_acc: 0.6347
Epoch [7/50], Loss: 0.0149, val_loss: 0.0166, val_acc: 0.6286
Epoch [8/50], Loss: 0.0134, val_loss: 0.0135, val_acc: 0.7042
Epoch [9/50], Loss: 0.0121, val_loss: 0.0137, val_acc: 0.6915
Epoch [10/50], Loss: 0.0107, val_loss: 0.0140, val_acc: 0.6932
Epoch [11/50], Loss: 0.0095, val_loss: 0.0128, val_acc: 0.7216
Epoch [12/50], Loss: 0.0082, val_loss: 0.0136, val_acc: 0.7149
Epoch [13/50], Loss: 0.0073, val_loss: 0.0133, val_acc: 0.7348
Epoch [14/50], Loss: 0.0060, val_loss: 0.0132, val_acc: 0.7320
Epoch [15/50], Loss: 0.0051, val_loss: 0.0137, val_acc: 0.7473
Epoch [16/50], Loss: 0.0041, val_loss: 0.0153, val_acc: 0.7259
Epoch [17/50], Loss: 0.0034, val_loss: 0.0162, val_acc: 0.7281
Epoch [18/50], Loss: 0.0028, val_loss: 0.0164, val_acc: 0.7273
Epoch [19/50], Loss: 0.0023, val_loss: 0.0191, val_acc: 0.7247
Epoch [20/50], Loss: 0.0019, val_loss: 0.0182, val_acc: 0.7231
Epoch [21/50], Loss: 0.0018, val_loss: 0.0211, val_acc: 0.7178
Epoch [22/50], Loss: 0.0014, val_loss: 0.0182, val_acc: 0.7254
Epoch [23/50], Loss: 0.0012, val_loss: 0.0193, val_acc: 0.7326
Epoch [24/50], Loss: 0.0012, val_loss: 0.0204, val_acc: 0.7351
Epoch [25/50], Loss: 0.0011, val_loss: 0.0206, val_acc: 0.7355
Epoch [26/50], Loss: 0.0011, val_loss: 0.0219, val_acc: 0.7380
Epoch [27/50], Loss: 0.0009, val_loss: 0.0224, val_acc: 0.7262
Epoch [28/50], Loss: 0.0008, val_loss: 0.0225, val_acc: 0.7342
Epoch [29/50], Loss: 0.0007, val_loss: 0.0205, val_acc: 0.7465
Epoch [30/50], Loss: 0.0007, val_loss: 0.0206, val_acc: 0.7412
Epoch [31/50], Loss: 0.0008, val_loss: 0.0209, val_acc: 0.7305
Epoch [32/50], Loss: 0.0008, val_loss: 0.0225, val_acc: 0.7413
Epoch [33/50], Loss: 0.0007, val_loss: 0.0226, val_acc: 0.7268
Epoch [34/50], Loss: 0.0006, val_loss: 0.0227, val_acc: 0.7342
Epoch [35/50], Loss: 0.0006, val_loss: 0.0205, val_acc: 0.7434
Epoch [36/50], Loss: 0.0005, val_loss: 0.0208, val_acc: 0.7257
Epoch [37/50], Loss: 0.0006, val_loss: 0.0222, val_acc: 0.7461
Epoch [38/50], Loss: 0.0007, val_loss: 0.0220, val_acc: 0.7335
Epoch [39/50], Loss: 0.0006, val_loss: 0.0208, val_acc: 0.7434
Epoch [40/50], Loss: 0.0006, val_loss: 0.0205, val_acc: 0.7342
Epoch [41/50], Loss: 0.0006, val_loss: 0.0215, val_acc: 0.7310
Epoch [42/50], Loss: 0.0006, val_loss: 0.0216, val_acc: 0.7411
Epoch [43/50], Loss: 0.0006, val_loss: 0.0206, val_acc: 0.7341
Epoch [44/50], Loss: 0.0006, val_loss: 0.0205, val_acc: 0.7350
Epoch [45/50], Loss: 0.0005, val_loss: 0.0203, val_acc: 0.7278
Epoch [46/50], Loss: 0.0007, val_loss: 0.0219, val_acc: 0.7267
Epoch [47/50], Loss: 0.0005, val_loss: 0.0205, val_acc: 0.7314
Epoch [48/50], Loss: 0.0005, val_loss: 0.0205, val_acc: 0.7360
Epoch [49/50], Loss: 0.0005, val_loss: 0.0200, val_acc: 0.7391
Epoch [50/50], Loss: 0.0005, val_loss: 0.0220, val_acc: 0.7249
test_accuracy: 72.39 %
learning time: 342.131 [sec]
1DropOut training start ...
Epoch [1/50], Loss: 0.0346, val_loss: 0.0314, val_acc: 0.2458
Epoch [2/50], Loss: 0.0277, val_loss: 0.0256, val_acc: 0.3914
Epoch [3/50], Loss: 0.0233, val_loss: 0.0218, val_acc: 0.4978
Epoch [4/50], Loss: 0.0202, val_loss: 0.0198, val_acc: 0.5413
Epoch [5/50], Loss: 0.0178, val_loss: 0.0193, val_acc: 0.5621
Epoch [6/50], Loss: 0.0162, val_loss: 0.0169, val_acc: 0.6192
Epoch [7/50], Loss: 0.0147, val_loss: 0.0169, val_acc: 0.6195
Epoch [8/50], Loss: 0.0132, val_loss: 0.0144, val_acc: 0.6853
Epoch [9/50], Loss: 0.0119, val_loss: 0.0141, val_acc: 0.6984
Epoch [10/50], Loss: 0.0106, val_loss: 0.0132, val_acc: 0.7163
Epoch [11/50], Loss: 0.0093, val_loss: 0.0129, val_acc: 0.7203
Epoch [12/50], Loss: 0.0080, val_loss: 0.0138, val_acc: 0.7195
Epoch [13/50], Loss: 0.0068, val_loss: 0.0129, val_acc: 0.7355
Epoch [14/50], Loss: 0.0057, val_loss: 0.0143, val_acc: 0.7327
Epoch [15/50], Loss: 0.0048, val_loss: 0.0155, val_acc: 0.7211
Epoch [16/50], Loss: 0.0039, val_loss: 0.0168, val_acc: 0.7255
Epoch [17/50], Loss: 0.0032, val_loss: 0.0172, val_acc: 0.7115
Epoch [18/50], Loss: 0.0027, val_loss: 0.0189, val_acc: 0.7238
Epoch [19/50], Loss: 0.0024, val_loss: 0.0190, val_acc: 0.7224
Epoch [20/50], Loss: 0.0019, val_loss: 0.0205, val_acc: 0.7240
Epoch [21/50], Loss: 0.0019, val_loss: 0.0187, val_acc: 0.7276
Epoch [22/50], Loss: 0.0014, val_loss: 0.0193, val_acc: 0.7328
Epoch [23/50], Loss: 0.0014, val_loss: 0.0185, val_acc: 0.7364
Epoch [24/50], Loss: 0.0011, val_loss: 0.0204, val_acc: 0.7366
Epoch [25/50], Loss: 0.0010, val_loss: 0.0205, val_acc: 0.7423
Epoch [26/50], Loss: 0.0010, val_loss: 0.0198, val_acc: 0.7459
Epoch [27/50], Loss: 0.0009, val_loss: 0.0221, val_acc: 0.7217
Epoch [28/50], Loss: 0.0009, val_loss: 0.0231, val_acc: 0.7260
Epoch [29/50], Loss: 0.0008, val_loss: 0.0213, val_acc: 0.7229
Epoch [30/50], Loss: 0.0007, val_loss: 0.0229, val_acc: 0.7374
Epoch [31/50], Loss: 0.0007, val_loss: 0.0225, val_acc: 0.7395
Epoch [32/50], Loss: 0.0006, val_loss: 0.0204, val_acc: 0.7304
Epoch [33/50], Loss: 0.0006, val_loss: 0.0223, val_acc: 0.7177
Epoch [34/50], Loss: 0.0006, val_loss: 0.0209, val_acc: 0.7283
Epoch [35/50], Loss: 0.0006, val_loss: 0.0221, val_acc: 0.7265
Epoch [36/50], Loss: 0.0008, val_loss: 0.0207, val_acc: 0.7282
Epoch [37/50], Loss: 0.0007, val_loss: 0.0209, val_acc: 0.7333
Epoch [38/50], Loss: 0.0005, val_loss: 0.0208, val_acc: 0.7353
Epoch [39/50], Loss: 0.0007, val_loss: 0.0201, val_acc: 0.7395
Epoch [40/50], Loss: 0.0005, val_loss: 0.0215, val_acc: 0.7438
Epoch [41/50], Loss: 0.0005, val_loss: 0.0215, val_acc: 0.7260
Epoch [42/50], Loss: 0.0007, val_loss: 0.0211, val_acc: 0.7309
Epoch [43/50], Loss: 0.0007, val_loss: 0.0216, val_acc: 0.7402
Epoch [44/50], Loss: 0.0005, val_loss: 0.0230, val_acc: 0.7170
Epoch [45/50], Loss: 0.0006, val_loss: 0.0213, val_acc: 0.7411
Epoch [46/50], Loss: 0.0004, val_loss: 0.0231, val_acc: 0.7134
Epoch [47/50], Loss: 0.0006, val_loss: 0.0220, val_acc: 0.7178
Epoch [48/50], Loss: 0.0007, val_loss: 0.0207, val_acc: 0.7376
Epoch [49/50], Loss: 0.0005, val_loss: 0.0215, val_acc: 0.7381
Epoch [50/50], Loss: 0.0006, val_loss: 0.0222, val_acc: 0.7299
test_accuracy: 72.94 %
learning time: 344.804 [sec]
2DropOuts training start ...
Epoch [1/50], Loss: 0.0342, val_loss: 0.0310, val_acc: 0.2626
Epoch [2/50], Loss: 0.0293, val_loss: 0.0275, val_acc: 0.3518
Epoch [3/50], Loss: 0.0267, val_loss: 0.0262, val_acc: 0.3892
Epoch [4/50], Loss: 0.0248, val_loss: 0.0241, val_acc: 0.4353
Epoch [5/50], Loss: 0.0229, val_loss: 0.0218, val_acc: 0.4927
Epoch [6/50], Loss: 0.0212, val_loss: 0.0206, val_acc: 0.5277
Epoch [7/50], Loss: 0.0199, val_loss: 0.0194, val_acc: 0.5524
Epoch [8/50], Loss: 0.0187, val_loss: 0.0194, val_acc: 0.5550
Epoch [9/50], Loss: 0.0175, val_loss: 0.0181, val_acc: 0.5932
Epoch [10/50], Loss: 0.0162, val_loss: 0.0167, val_acc: 0.6303
Epoch [11/50], Loss: 0.0151, val_loss: 0.0171, val_acc: 0.6182
Epoch [12/50], Loss: 0.0139, val_loss: 0.0169, val_acc: 0.6270
Epoch [13/50], Loss: 0.0128, val_loss: 0.0159, val_acc: 0.6516
Epoch [14/50], Loss: 0.0115, val_loss: 0.0164, val_acc: 0.6475
Epoch [15/50], Loss: 0.0103, val_loss: 0.0156, val_acc: 0.6680
Epoch [16/50], Loss: 0.0090, val_loss: 0.0166, val_acc: 0.6583
Epoch [17/50], Loss: 0.0078, val_loss: 0.0181, val_acc: 0.6487
Epoch [18/50], Loss: 0.0065, val_loss: 0.0182, val_acc: 0.6596
Epoch [19/50], Loss: 0.0056, val_loss: 0.0194, val_acc: 0.6579
Epoch [20/50], Loss: 0.0047, val_loss: 0.0205, val_acc: 0.6532
Epoch [21/50], Loss: 0.0040, val_loss: 0.0221, val_acc: 0.6487
Epoch [22/50], Loss: 0.0036, val_loss: 0.0213, val_acc: 0.6540
Epoch [23/50], Loss: 0.0032, val_loss: 0.0226, val_acc: 0.6461
Epoch [24/50], Loss: 0.0027, val_loss: 0.0231, val_acc: 0.6453
Epoch [25/50], Loss: 0.0024, val_loss: 0.0241, val_acc: 0.6542
Epoch [26/50], Loss: 0.0021, val_loss: 0.0270, val_acc: 0.6384
Epoch [27/50], Loss: 0.0019, val_loss: 0.0261, val_acc: 0.6355
Epoch [28/50], Loss: 0.0017, val_loss: 0.0252, val_acc: 0.6470
Epoch [29/50], Loss: 0.0016, val_loss: 0.0273, val_acc: 0.6445
Epoch [30/50], Loss: 0.0015, val_loss: 0.0275, val_acc: 0.6531
Epoch [31/50], Loss: 0.0014, val_loss: 0.0272, val_acc: 0.6409
Epoch [32/50], Loss: 0.0014, val_loss: 0.0278, val_acc: 0.6355
Epoch [33/50], Loss: 0.0012, val_loss: 0.0274, val_acc: 0.6517
Epoch [34/50], Loss: 0.0012, val_loss: 0.0264, val_acc: 0.6495
Epoch [35/50], Loss: 0.0010, val_loss: 0.0274, val_acc: 0.6501
Epoch [36/50], Loss: 0.0010, val_loss: 0.0265, val_acc: 0.6524
Epoch [37/50], Loss: 0.0011, val_loss: 0.0288, val_acc: 0.6387
Epoch [38/50], Loss: 0.0010, val_loss: 0.0297, val_acc: 0.6382
Epoch [39/50], Loss: 0.0009, val_loss: 0.0296, val_acc: 0.6464
Epoch [40/50], Loss: 0.0010, val_loss: 0.0296, val_acc: 0.6473
Epoch [41/50], Loss: 0.0010, val_loss: 0.0272, val_acc: 0.6439
Epoch [42/50], Loss: 0.0010, val_loss: 0.0280, val_acc: 0.6412
Epoch [43/50], Loss: 0.0009, val_loss: 0.0275, val_acc: 0.6535
Epoch [44/50], Loss: 0.0009, val_loss: 0.0294, val_acc: 0.6445
Epoch [45/50], Loss: 0.0009, val_loss: 0.0295, val_acc: 0.6448
Epoch [46/50], Loss: 0.0009, val_loss: 0.0262, val_acc: 0.6454
Epoch [47/50], Loss: 0.0009, val_loss: 0.0306, val_acc: 0.6376
Epoch [48/50], Loss: 0.0009, val_loss: 0.0270, val_acc: 0.6401
Epoch [49/50], Loss: 0.0009, val_loss: 0.0299, val_acc: 0.6380
Epoch [50/50], Loss: 0.0009, val_loss: 0.0280, val_acc: 0.6394
test_accuracy: 64.01 %
learning time: 352.192 [sec]
3DropOuts training start ...
Epoch [1/50], Loss: 0.0342, val_loss: 0.0312, val_acc: 0.2839
Epoch [2/50], Loss: 0.0297, val_loss: 0.0282, val_acc: 0.3352
Epoch [3/50], Loss: 0.0275, val_loss: 0.0262, val_acc: 0.3900
Epoch [4/50], Loss: 0.0259, val_loss: 0.0247, val_acc: 0.4183
Epoch [5/50], Loss: 0.0243, val_loss: 0.0243, val_acc: 0.4365
Epoch [6/50], Loss: 0.0229, val_loss: 0.0221, val_acc: 0.4849
Epoch [7/50], Loss: 0.0218, val_loss: 0.0227, val_acc: 0.4859
Epoch [8/50], Loss: 0.0208, val_loss: 0.0211, val_acc: 0.5112
Epoch [9/50], Loss: 0.0198, val_loss: 0.0212, val_acc: 0.5259
Epoch [10/50], Loss: 0.0189, val_loss: 0.0196, val_acc: 0.5589
Epoch [11/50], Loss: 0.0177, val_loss: 0.0190, val_acc: 0.5680
Epoch [12/50], Loss: 0.0168, val_loss: 0.0191, val_acc: 0.5796
Epoch [13/50], Loss: 0.0156, val_loss: 0.0184, val_acc: 0.5906
Epoch [14/50], Loss: 0.0144, val_loss: 0.0193, val_acc: 0.5870
Epoch [15/50], Loss: 0.0131, val_loss: 0.0190, val_acc: 0.6003
Epoch [16/50], Loss: 0.0120, val_loss: 0.0202, val_acc: 0.5849
Epoch [17/50], Loss: 0.0108, val_loss: 0.0210, val_acc: 0.6017
Epoch [18/50], Loss: 0.0094, val_loss: 0.0219, val_acc: 0.5908
Epoch [19/50], Loss: 0.0083, val_loss: 0.0235, val_acc: 0.5846
Epoch [20/50], Loss: 0.0070, val_loss: 0.0237, val_acc: 0.5871
Epoch [21/50], Loss: 0.0062, val_loss: 0.0254, val_acc: 0.5818
Epoch [22/50], Loss: 0.0054, val_loss: 0.0251, val_acc: 0.5768
Epoch [23/50], Loss: 0.0048, val_loss: 0.0272, val_acc: 0.5762
Epoch [24/50], Loss: 0.0043, val_loss: 0.0309, val_acc: 0.5820
Epoch [25/50], Loss: 0.0038, val_loss: 0.0294, val_acc: 0.5688
Epoch [26/50], Loss: 0.0034, val_loss: 0.0313, val_acc: 0.5745
Epoch [27/50], Loss: 0.0030, val_loss: 0.0344, val_acc: 0.5624
Epoch [28/50], Loss: 0.0028, val_loss: 0.0332, val_acc: 0.5826
Epoch [29/50], Loss: 0.0026, val_loss: 0.0346, val_acc: 0.5778
Epoch [30/50], Loss: 0.0025, val_loss: 0.0330, val_acc: 0.5771
Epoch [31/50], Loss: 0.0022, val_loss: 0.0351, val_acc: 0.5716
Epoch [32/50], Loss: 0.0021, val_loss: 0.0359, val_acc: 0.5609
Epoch [33/50], Loss: 0.0020, val_loss: 0.0360, val_acc: 0.5752
Epoch [34/50], Loss: 0.0020, val_loss: 0.0378, val_acc: 0.5604
Epoch [35/50], Loss: 0.0020, val_loss: 0.0350, val_acc: 0.5694
Epoch [36/50], Loss: 0.0018, val_loss: 0.0357, val_acc: 0.5650
Epoch [37/50], Loss: 0.0017, val_loss: 0.0375, val_acc: 0.5718
Epoch [38/50], Loss: 0.0016, val_loss: 0.0397, val_acc: 0.5669
Epoch [39/50], Loss: 0.0016, val_loss: 0.0401, val_acc: 0.5597
Epoch [40/50], Loss: 0.0016, val_loss: 0.0365, val_acc: 0.5767
Epoch [41/50], Loss: 0.0014, val_loss: 0.0397, val_acc: 0.5629
Epoch [42/50], Loss: 0.0014, val_loss: 0.0377, val_acc: 0.5615
Epoch [43/50], Loss: 0.0014, val_loss: 0.0387, val_acc: 0.5550
Epoch [44/50], Loss: 0.0015, val_loss: 0.0358, val_acc: 0.5645
Epoch [45/50], Loss: 0.0015, val_loss: 0.0361, val_acc: 0.5698
Epoch [46/50], Loss: 0.0012, val_loss: 0.0368, val_acc: 0.5612
Epoch [47/50], Loss: 0.0011, val_loss: 0.0391, val_acc: 0.5712
Epoch [48/50], Loss: 0.0013, val_loss: 0.0376, val_acc: 0.5653
Epoch [49/50], Loss: 0.0012, val_loss: 0.0396, val_acc: 0.5511
Epoch [50/50], Loss: 0.0013, val_loss: 0.0359, val_acc: 0.5564
test_accuracy: 55.41 %
learning time: 353.200 [sec]
4DropOuts training start ...
Epoch [1/50], Loss: 0.0348, val_loss: 0.0320, val_acc: 0.2377
Epoch [2/50], Loss: 0.0302, val_loss: 0.0284, val_acc: 0.3336
Epoch [3/50], Loss: 0.0282, val_loss: 0.0266, val_acc: 0.3823
Epoch [4/50], Loss: 0.0268, val_loss: 0.0258, val_acc: 0.3978
Epoch [5/50], Loss: 0.0255, val_loss: 0.0249, val_acc: 0.4235
Epoch [6/50], Loss: 0.0242, val_loss: 0.0236, val_acc: 0.4576
Epoch [7/50], Loss: 0.0231, val_loss: 0.0224, val_acc: 0.4792
Epoch [8/50], Loss: 0.0222, val_loss: 0.0210, val_acc: 0.5077
Epoch [9/50], Loss: 0.0213, val_loss: 0.0202, val_acc: 0.5399
Epoch [10/50], Loss: 0.0204, val_loss: 0.0197, val_acc: 0.5522
Epoch [11/50], Loss: 0.0198, val_loss: 0.0199, val_acc: 0.5409
Epoch [12/50], Loss: 0.0190, val_loss: 0.0185, val_acc: 0.5808
Epoch [13/50], Loss: 0.0184, val_loss: 0.0189, val_acc: 0.5760
Epoch [14/50], Loss: 0.0176, val_loss: 0.0187, val_acc: 0.5820
Epoch [15/50], Loss: 0.0169, val_loss: 0.0177, val_acc: 0.6002
Epoch [16/50], Loss: 0.0161, val_loss: 0.0182, val_acc: 0.5948
Epoch [17/50], Loss: 0.0153, val_loss: 0.0176, val_acc: 0.6101
Epoch [18/50], Loss: 0.0146, val_loss: 0.0174, val_acc: 0.6134
Epoch [19/50], Loss: 0.0138, val_loss: 0.0180, val_acc: 0.6071
Epoch [20/50], Loss: 0.0130, val_loss: 0.0188, val_acc: 0.6038
Epoch [21/50], Loss: 0.0121, val_loss: 0.0192, val_acc: 0.6087
Epoch [22/50], Loss: 0.0112, val_loss: 0.0194, val_acc: 0.6164
Epoch [23/50], Loss: 0.0103, val_loss: 0.0203, val_acc: 0.6006
Epoch [24/50], Loss: 0.0095, val_loss: 0.0206, val_acc: 0.6040
Epoch [25/50], Loss: 0.0087, val_loss: 0.0232, val_acc: 0.5881
Epoch [26/50], Loss: 0.0079, val_loss: 0.0248, val_acc: 0.5826
Epoch [27/50], Loss: 0.0074, val_loss: 0.0244, val_acc: 0.5880
Epoch [28/50], Loss: 0.0066, val_loss: 0.0250, val_acc: 0.5916
Epoch [29/50], Loss: 0.0061, val_loss: 0.0254, val_acc: 0.5869
Epoch [30/50], Loss: 0.0055, val_loss: 0.0272, val_acc: 0.5887
Epoch [31/50], Loss: 0.0050, val_loss: 0.0295, val_acc: 0.5737
Epoch [32/50], Loss: 0.0047, val_loss: 0.0290, val_acc: 0.5713
Epoch [33/50], Loss: 0.0043, val_loss: 0.0283, val_acc: 0.5780
Epoch [34/50], Loss: 0.0042, val_loss: 0.0295, val_acc: 0.5756
Epoch [35/50], Loss: 0.0039, val_loss: 0.0294, val_acc: 0.5736
Epoch [36/50], Loss: 0.0037, val_loss: 0.0308, val_acc: 0.5803
Epoch [37/50], Loss: 0.0034, val_loss: 0.0325, val_acc: 0.5744
Epoch [38/50], Loss: 0.0032, val_loss: 0.0327, val_acc: 0.5711
Epoch [39/50], Loss: 0.0031, val_loss: 0.0325, val_acc: 0.5610
Epoch [40/50], Loss: 0.0030, val_loss: 0.0327, val_acc: 0.5643
Epoch [41/50], Loss: 0.0027, val_loss: 0.0349, val_acc: 0.5799
Epoch [42/50], Loss: 0.0027, val_loss: 0.0353, val_acc: 0.5573
Epoch [43/50], Loss: 0.0027, val_loss: 0.0352, val_acc: 0.5671
Epoch [44/50], Loss: 0.0025, val_loss: 0.0347, val_acc: 0.5625
Epoch [45/50], Loss: 0.0024, val_loss: 0.0348, val_acc: 0.5572
Epoch [46/50], Loss: 0.0024, val_loss: 0.0355, val_acc: 0.5674
Epoch [47/50], Loss: 0.0023, val_loss: 0.0363, val_acc: 0.5643
Epoch [48/50], Loss: 0.0020, val_loss: 0.0363, val_acc: 0.5679
Epoch [49/50], Loss: 0.0021, val_loss: 0.0355, val_acc: 0.5620
Epoch [50/50], Loss: 0.0021, val_loss: 0.0357, val_acc: 0.5592
test_accuracy: 55.59 %
learning time: 354.076 [sec]
5DropOuts training start ...
Epoch [1/50], Loss: 0.0355, val_loss: 0.0327, val_acc: 0.2392
Epoch [2/50], Loss: 0.0313, val_loss: 0.0297, val_acc: 0.3086
Epoch [3/50], Loss: 0.0292, val_loss: 0.0278, val_acc: 0.3536
Epoch [4/50], Loss: 0.0279, val_loss: 0.0267, val_acc: 0.3764
Epoch [5/50], Loss: 0.0267, val_loss: 0.0259, val_acc: 0.4022
Epoch [6/50], Loss: 0.0257, val_loss: 0.0244, val_acc: 0.4292
Epoch [7/50], Loss: 0.0247, val_loss: 0.0265, val_acc: 0.4000
Epoch [8/50], Loss: 0.0239, val_loss: 0.0223, val_acc: 0.4790
Epoch [9/50], Loss: 0.0232, val_loss: 0.0216, val_acc: 0.4988
Epoch [10/50], Loss: 0.0224, val_loss: 0.0210, val_acc: 0.5146
Epoch [11/50], Loss: 0.0218, val_loss: 0.0209, val_acc: 0.5201
Epoch [12/50], Loss: 0.0212, val_loss: 0.0200, val_acc: 0.5468
Epoch [13/50], Loss: 0.0208, val_loss: 0.0193, val_acc: 0.5599
Epoch [14/50], Loss: 0.0203, val_loss: 0.0203, val_acc: 0.5420
Epoch [15/50], Loss: 0.0198, val_loss: 0.0193, val_acc: 0.5695
Epoch [16/50], Loss: 0.0194, val_loss: 0.0193, val_acc: 0.5622
Epoch [17/50], Loss: 0.0191, val_loss: 0.0188, val_acc: 0.5675
Epoch [18/50], Loss: 0.0186, val_loss: 0.0180, val_acc: 0.5966
Epoch [19/50], Loss: 0.0181, val_loss: 0.0175, val_acc: 0.6065
Epoch [20/50], Loss: 0.0178, val_loss: 0.0172, val_acc: 0.6059
Epoch [21/50], Loss: 0.0174, val_loss: 0.0173, val_acc: 0.6145
Epoch [22/50], Loss: 0.0169, val_loss: 0.0174, val_acc: 0.6104
Epoch [23/50], Loss: 0.0166, val_loss: 0.0175, val_acc: 0.6121
Epoch [24/50], Loss: 0.0162, val_loss: 0.0169, val_acc: 0.6221
Epoch [25/50], Loss: 0.0157, val_loss: 0.0171, val_acc: 0.6236
Epoch [26/50], Loss: 0.0152, val_loss: 0.0171, val_acc: 0.6228
Epoch [27/50], Loss: 0.0149, val_loss: 0.0174, val_acc: 0.6222
Epoch [28/50], Loss: 0.0145, val_loss: 0.0166, val_acc: 0.6293
Epoch [29/50], Loss: 0.0138, val_loss: 0.0172, val_acc: 0.6308
Epoch [30/50], Loss: 0.0135, val_loss: 0.0176, val_acc: 0.6230
Epoch [31/50], Loss: 0.0131, val_loss: 0.0175, val_acc: 0.6216
Epoch [32/50], Loss: 0.0127, val_loss: 0.0187, val_acc: 0.6062
Epoch [33/50], Loss: 0.0120, val_loss: 0.0175, val_acc: 0.6338
Epoch [34/50], Loss: 0.0116, val_loss: 0.0186, val_acc: 0.6241
Epoch [35/50], Loss: 0.0112, val_loss: 0.0194, val_acc: 0.6092
Epoch [36/50], Loss: 0.0107, val_loss: 0.0189, val_acc: 0.6155
Epoch [37/50], Loss: 0.0103, val_loss: 0.0193, val_acc: 0.6081
Epoch [38/50], Loss: 0.0099, val_loss: 0.0205, val_acc: 0.6117
Epoch [39/50], Loss: 0.0094, val_loss: 0.0216, val_acc: 0.5948
Epoch [40/50], Loss: 0.0088, val_loss: 0.0221, val_acc: 0.6002
Epoch [41/50], Loss: 0.0085, val_loss: 0.0216, val_acc: 0.5988
Epoch [42/50], Loss: 0.0082, val_loss: 0.0225, val_acc: 0.6043
Epoch [43/50], Loss: 0.0078, val_loss: 0.0236, val_acc: 0.6025
Epoch [44/50], Loss: 0.0073, val_loss: 0.0230, val_acc: 0.6008
Epoch [45/50], Loss: 0.0070, val_loss: 0.0236, val_acc: 0.5957
Epoch [46/50], Loss: 0.0067, val_loss: 0.0247, val_acc: 0.5981
Epoch [47/50], Loss: 0.0063, val_loss: 0.0253, val_acc: 0.5937
Epoch [48/50], Loss: 0.0061, val_loss: 0.0251, val_acc: 0.5874
Epoch [49/50], Loss: 0.0060, val_loss: 0.0255, val_acc: 0.6002
Epoch [50/50], Loss: 0.0056, val_loss: 0.0264, val_acc: 0.5818
test_accuracy: 58.14 %
learning time: 354.430 [sec]
6DropOuts training start ...
Epoch [1/50], Loss: 0.0350, val_loss: 0.0323, val_acc: 0.2444
Epoch [2/50], Loss: 0.0314, val_loss: 0.0303, val_acc: 0.2817
Epoch [3/50], Loss: 0.0297, val_loss: 0.0285, val_acc: 0.3309
Epoch [4/50], Loss: 0.0283, val_loss: 0.0261, val_acc: 0.3870
Epoch [5/50], Loss: 0.0270, val_loss: 0.0250, val_acc: 0.4093
Epoch [6/50], Loss: 0.0260, val_loss: 0.0248, val_acc: 0.4240
Epoch [7/50], Loss: 0.0252, val_loss: 0.0245, val_acc: 0.4360
Epoch [8/50], Loss: 0.0246, val_loss: 0.0230, val_acc: 0.4608
Epoch [9/50], Loss: 0.0240, val_loss: 0.0223, val_acc: 0.4857
Epoch [10/50], Loss: 0.0238, val_loss: 0.0233, val_acc: 0.4648
Epoch [11/50], Loss: 0.0233, val_loss: 0.0216, val_acc: 0.4933
Epoch [12/50], Loss: 0.0229, val_loss: 0.0213, val_acc: 0.5107
Epoch [13/50], Loss: 0.0225, val_loss: 0.0211, val_acc: 0.5184
Epoch [14/50], Loss: 0.0221, val_loss: 0.0212, val_acc: 0.4978
Epoch [15/50], Loss: 0.0218, val_loss: 0.0206, val_acc: 0.5316
Epoch [16/50], Loss: 0.0215, val_loss: 0.0205, val_acc: 0.5339
Epoch [17/50], Loss: 0.0212, val_loss: 0.0191, val_acc: 0.5595
Epoch [18/50], Loss: 0.0209, val_loss: 0.0189, val_acc: 0.5711
Epoch [19/50], Loss: 0.0205, val_loss: 0.0185, val_acc: 0.5811
Epoch [20/50], Loss: 0.0203, val_loss: 0.0182, val_acc: 0.5881
Epoch [21/50], Loss: 0.0201, val_loss: 0.0186, val_acc: 0.5831
Epoch [22/50], Loss: 0.0198, val_loss: 0.0180, val_acc: 0.5967
Epoch [23/50], Loss: 0.0196, val_loss: 0.0187, val_acc: 0.5841
Epoch [24/50], Loss: 0.0193, val_loss: 0.0176, val_acc: 0.6002
Epoch [25/50], Loss: 0.0191, val_loss: 0.0175, val_acc: 0.6099
Epoch [26/50], Loss: 0.0189, val_loss: 0.0171, val_acc: 0.6071
Epoch [27/50], Loss: 0.0187, val_loss: 0.0170, val_acc: 0.6162
Epoch [28/50], Loss: 0.0184, val_loss: 0.0164, val_acc: 0.6299
Epoch [29/50], Loss: 0.0182, val_loss: 0.0168, val_acc: 0.6215
Epoch [30/50], Loss: 0.0180, val_loss: 0.0164, val_acc: 0.6275
Epoch [31/50], Loss: 0.0178, val_loss: 0.0164, val_acc: 0.6289
Epoch [32/50], Loss: 0.0176, val_loss: 0.0161, val_acc: 0.6328
Epoch [33/50], Loss: 0.0174, val_loss: 0.0162, val_acc: 0.6281
Epoch [34/50], Loss: 0.0173, val_loss: 0.0163, val_acc: 0.6303
Epoch [35/50], Loss: 0.0171, val_loss: 0.0162, val_acc: 0.6347
Epoch [36/50], Loss: 0.0169, val_loss: 0.0158, val_acc: 0.6428
Epoch [37/50], Loss: 0.0168, val_loss: 0.0157, val_acc: 0.6483
Epoch [38/50], Loss: 0.0166, val_loss: 0.0152, val_acc: 0.6572
Epoch [39/50], Loss: 0.0164, val_loss: 0.0155, val_acc: 0.6538
Epoch [40/50], Loss: 0.0162, val_loss: 0.0153, val_acc: 0.6585
Epoch [41/50], Loss: 0.0160, val_loss: 0.0148, val_acc: 0.6683
Epoch [42/50], Loss: 0.0159, val_loss: 0.0151, val_acc: 0.6557
Epoch [43/50], Loss: 0.0157, val_loss: 0.0153, val_acc: 0.6559
Epoch [44/50], Loss: 0.0155, val_loss: 0.0148, val_acc: 0.6680
Epoch [45/50], Loss: 0.0154, val_loss: 0.0148, val_acc: 0.6665
Epoch [46/50], Loss: 0.0152, val_loss: 0.0149, val_acc: 0.6658
Epoch [47/50], Loss: 0.0152, val_loss: 0.0146, val_acc: 0.6720
Epoch [48/50], Loss: 0.0150, val_loss: 0.0149, val_acc: 0.6644
Epoch [49/50], Loss: 0.0147, val_loss: 0.0153, val_acc: 0.6575
Epoch [50/50], Loss: 0.0146, val_loss: 0.0149, val_acc: 0.6630
test_accuracy: 66.55 %
learning time: 356.463 [sec]
7DropOuts training start ...
Epoch [1/50], Loss: 0.0347, val_loss: 0.0320, val_acc: 0.2621
Epoch [2/50], Loss: 0.0315, val_loss: 0.0298, val_acc: 0.2886
Epoch [3/50], Loss: 0.0301, val_loss: 0.0285, val_acc: 0.3214
Epoch [4/50], Loss: 0.0291, val_loss: 0.0274, val_acc: 0.3595
Epoch [5/50], Loss: 0.0277, val_loss: 0.0255, val_acc: 0.4034
Epoch [6/50], Loss: 0.0266, val_loss: 0.0250, val_acc: 0.4137
Epoch [7/50], Loss: 0.0259, val_loss: 0.0249, val_acc: 0.4348
Epoch [8/50], Loss: 0.0254, val_loss: 0.0249, val_acc: 0.4300
Epoch [9/50], Loss: 0.0248, val_loss: 0.0228, val_acc: 0.4718
Epoch [10/50], Loss: 0.0244, val_loss: 0.0228, val_acc: 0.4852
Epoch [11/50], Loss: 0.0240, val_loss: 0.0220, val_acc: 0.4916
Epoch [12/50], Loss: 0.0236, val_loss: 0.0218, val_acc: 0.5022
Epoch [13/50], Loss: 0.0233, val_loss: 0.0213, val_acc: 0.5170
Epoch [14/50], Loss: 0.0230, val_loss: 0.0210, val_acc: 0.5199
Epoch [15/50], Loss: 0.0227, val_loss: 0.0206, val_acc: 0.5289
Epoch [16/50], Loss: 0.0223, val_loss: 0.0202, val_acc: 0.5445
Epoch [17/50], Loss: 0.0220, val_loss: 0.0203, val_acc: 0.5369
Epoch [18/50], Loss: 0.0218, val_loss: 0.0204, val_acc: 0.5357
Epoch [19/50], Loss: 0.0216, val_loss: 0.0193, val_acc: 0.5581
Epoch [20/50], Loss: 0.0214, val_loss: 0.0197, val_acc: 0.5526
Epoch [21/50], Loss: 0.0211, val_loss: 0.0190, val_acc: 0.5587
Epoch [22/50], Loss: 0.0208, val_loss: 0.0192, val_acc: 0.5652
Epoch [23/50], Loss: 0.0205, val_loss: 0.0179, val_acc: 0.5873
Epoch [24/50], Loss: 0.0204, val_loss: 0.0179, val_acc: 0.5961
Epoch [25/50], Loss: 0.0202, val_loss: 0.0181, val_acc: 0.5970
Epoch [26/50], Loss: 0.0198, val_loss: 0.0173, val_acc: 0.6046
Epoch [27/50], Loss: 0.0198, val_loss: 0.0183, val_acc: 0.5880
Epoch [28/50], Loss: 0.0196, val_loss: 0.0177, val_acc: 0.5950
Epoch [29/50], Loss: 0.0193, val_loss: 0.0168, val_acc: 0.6226
Epoch [30/50], Loss: 0.0192, val_loss: 0.0168, val_acc: 0.6227
Epoch [31/50], Loss: 0.0191, val_loss: 0.0169, val_acc: 0.6192
Epoch [32/50], Loss: 0.0188, val_loss: 0.0172, val_acc: 0.6182
Epoch [33/50], Loss: 0.0187, val_loss: 0.0163, val_acc: 0.6336
Epoch [34/50], Loss: 0.0185, val_loss: 0.0168, val_acc: 0.6147
Epoch [35/50], Loss: 0.0184, val_loss: 0.0164, val_acc: 0.6251
Epoch [36/50], Loss: 0.0181, val_loss: 0.0160, val_acc: 0.6420
Epoch [37/50], Loss: 0.0181, val_loss: 0.0162, val_acc: 0.6349
Epoch [38/50], Loss: 0.0180, val_loss: 0.0158, val_acc: 0.6449
Epoch [39/50], Loss: 0.0179, val_loss: 0.0157, val_acc: 0.6510
Epoch [40/50], Loss: 0.0177, val_loss: 0.0154, val_acc: 0.6560
Epoch [41/50], Loss: 0.0175, val_loss: 0.0150, val_acc: 0.6636
Epoch [42/50], Loss: 0.0174, val_loss: 0.0151, val_acc: 0.6630
Epoch [43/50], Loss: 0.0174, val_loss: 0.0157, val_acc: 0.6469
Epoch [44/50], Loss: 0.0172, val_loss: 0.0153, val_acc: 0.6558
Epoch [45/50], Loss: 0.0171, val_loss: 0.0148, val_acc: 0.6655
Epoch [46/50], Loss: 0.0171, val_loss: 0.0148, val_acc: 0.6607
Epoch [47/50], Loss: 0.0170, val_loss: 0.0147, val_acc: 0.6705
Epoch [48/50], Loss: 0.0168, val_loss: 0.0142, val_acc: 0.6812
Epoch [49/50], Loss: 0.0168, val_loss: 0.0148, val_acc: 0.6680
Epoch [50/50], Loss: 0.0167, val_loss: 0.0149, val_acc: 0.6668
test_accuracy: 66.54 %
learning time: 358.778 [sec]

--------------------------------------------------------------

Batch Norms: Default(NoDropOut)  |  test_accuracy: 72.39 %  |  learning time: 342.131 [sec]
Batch Norms: 1DropOut  |  test_accuracy: 72.94 %  |  learning time: 344.804 [sec]
Batch Norms: 2DropOuts  |  test_accuracy: 64.01 %  |  learning time: 352.192 [sec]
Batch Norms: 3DropOuts  |  test_accuracy: 55.41 %  |  learning time: 353.200 [sec]
Batch Norms: 4DropOuts  |  test_accuracy: 55.59 %  |  learning time: 354.076 [sec]
Batch Norms: 5DropOuts  |  test_accuracy: 58.14 %  |  learning time: 354.430 [sec]
Batch Norms: 6DropOuts  |  test_accuracy: 66.55 %  |  learning time: 356.463 [sec]
Batch Norms: 7DropOuts  |  test_accuracy: 66.54 %  |  learning time: 358.778 [sec]
